./gameready.sh 
<-- Setting up Dependencies -->
[sudo] password for tommy: 
Selecting previously unselected package apt-transport-https.
(Reading database ... 141211 files and directories currently installed.)
Preparing to unpack .../apt-transport-https_2.2.4_all.deb ...
Unpacking apt-transport-https (2.2.4) ...
Setting up apt-transport-https (2.2.4) ...
Selecting previously unselected package liberror-perl.
(Reading database ... 141215 files and directories currently installed.)
Preparing to unpack .../liberror-perl_0.17029-1_all.deb ...
Unpacking liberror-perl (0.17029-1) ...
Selecting previously unselected package git-man.
Preparing to unpack .../git-man_1%3a2.30.2-1_all.deb ...
Unpacking git-man (1:2.30.2-1) ...
Selecting previously unselected package git.
Preparing to unpack .../git_1%3a2.30.2-1_amd64.deb ...
Unpacking git (1:2.30.2-1) ...
Selecting previously unselected package patch.
Preparing to unpack .../patch_2.7.6-7_amd64.deb ...
Unpacking patch (2.7.6-7) ...
Setting up liberror-perl (0.17029-1) ...
Setting up patch (2.7.6-7) ...
Setting up git-man (1:2.30.2-1) ...
Setting up git (1:2.30.2-1) ...
Processing triggers for man-db (2.9.4-2) ...
Selecting previously unselected package curl.
(Reading database ... 142218 files and directories currently installed.)
Preparing to unpack .../curl_7.74.0-1.3+deb11u3_amd64.deb ...
Unpacking curl (7.74.0-1.3+deb11u3) ...
Setting up curl (7.74.0-1.3+deb11u3) ...
Processing triggers for man-db (2.9.4-2) ...
Preconfiguring packages ...
Selecting previously unselected package samba-common.
(Reading database ... 142226 files and directories currently installed.)
Preparing to unpack .../0-samba-common_2%3a4.13.13+dfsg-1~deb11u5_all.deb ...
Unpacking samba-common (2:4.13.13+dfsg-1~deb11u5) ...
Selecting previously unselected package python3-tdb.
Preparing to unpack .../1-python3-tdb_1.4.3-1+b1_amd64.deb ...
Unpacking python3-tdb (1.4.3-1+b1) ...
Selecting previously unselected package python3-samba.
Preparing to unpack .../2-python3-samba_2%3a4.13.13+dfsg-1~deb11u5_amd64.deb ...
Unpacking python3-samba (2:4.13.13+dfsg-1~deb11u5) ...
Selecting previously unselected package samba-common-bin.
Preparing to unpack .../3-samba-common-bin_2%3a4.13.13+dfsg-1~deb11u5_amd64.deb 
...
Unpacking samba-common-bin (2:4.13.13+dfsg-1~deb11u5) ...
Selecting previously unselected package winbind.
Preparing to unpack .../4-winbind_2%3a4.13.13+dfsg-1~deb11u5_amd64.deb ...
Unpacking winbind (2:4.13.13+dfsg-1~deb11u5) ...
Selecting previously unselected package python3-gpg.
Preparing to unpack .../5-python3-gpg_1.14.0-1+b2_amd64.deb ...
Unpacking python3-gpg (1.14.0-1+b2) ...
Selecting previously unselected package samba-dsdb-modules:amd64.
Preparing to unpack .../6-samba-dsdb-modules_2%3a4.13.13+dfsg-1~deb11u5_amd64.de
b ...
Unpacking samba-dsdb-modules:amd64 (2:4.13.13+dfsg-1~deb11u5) ...
Setting up samba-common (2:4.13.13+dfsg-1~deb11u5) ...

Creating config file /etc/samba/smb.conf with new version
Setting up python3-tdb (1.4.3-1+b1) ...
Setting up python3-gpg (1.14.0-1+b2) ...
Setting up samba-dsdb-modules:amd64 (2:4.13.13+dfsg-1~deb11u5) ...
Setting up python3-samba (2:4.13.13+dfsg-1~deb11u5) ...
Setting up samba-common-bin (2:4.13.13+dfsg-1~deb11u5) ...
Checking smb.conf with testparm
Load smb config files from /etc/samba/smb.conf
Loaded services file OK.
Weak crypto is allowed
Server role: ROLE_STANDALONE

Done
Setting up winbind (2:4.13.13+dfsg-1~deb11u5) ...
mkdir: created directory '/var/lib/samba/winbindd_privileged'
changed group of '/var/lib/samba/winbindd_privileged' from root to winbindd_priv
mode of '/var/lib/samba/winbindd_privileged' changed from 0755 (rwxr-xr-x) to 07
50 (rwxr-x---)
Created symlink /etc/systemd/system/multi-user.target.wants/winbind.service \u2192 /l
ib/systemd/system/winbind.service.
Processing triggers for libc-bin (2.31-13+deb11u5) ...
Processing triggers for man-db (2.9.4-2) ...


<-- Installing WINE -->
rm: cannot remove '/etc/apt/sources.list.d/winehq*': No such file or directory
rm: cannot remove '/etc/apt/sources.list.d/wine*': No such file or directory
--2022-11-08 12:45:22--  https://dl.winehq.org/wine-builds/debian/dists/bullseye/winehq-bullseye.sources
Resolving dl.winehq.org (dl.winehq.org)... 151.101.2.217, 151.101.66.217, 151.101.130.217, ...
Connecting to dl.winehq.org (dl.winehq.org)|151.101.2.217|:443... connected.
HTTP request sent, awaiting response... 200 OK
Length: 166
Saving to: \u2018/etc/apt/sources.list.d/winehq-bullseye.sources\u2019

winehq-bullseye.sou 100%[===================>]     166  --.-KB/s    in 0s      

2022-11-08 12:45:22 (31.7 MB/s) - \u2018/etc/apt/sources.list.d/winehq-bullseye.sources\u2019 saved [166/166]

Extracting templates from packages: 100%
Preconfiguring packages ...
Selecting previously unselected package gcc-10-base:i386.
(Reading database ... 142828 files and directories currently installed.)
Preparing to unpack .../0-gcc-10-base_10.2.1-6_i386.deb ...
Unpacking gcc-10-base:i386 (10.2.1-6) ...
Selecting previously unselected package libgcc-s1:i386.
Preparing to unpack .../1-libgcc-s1_10.2.1-6_i386.deb ...
Unpacking libgcc-s1:i386 (10.2.1-6) ...
Selecting previously unselected package libcrypt1:i386.
Preparing to unpack .../2-libcrypt1_1%3a4.4.18-4_i386.deb ...
Unpacking libcrypt1:i386 (1:4.4.18-4) ...
Selecting previously unselected package libc6:i386.
Preparing to unpack .../3-libc6_2.31-13+deb11u5_i386.deb ...
Unpacking libc6:i386 (2.31-13+deb11u5) ...
Selecting previously unselected package libgpg-error0:i386.
Preparing to unpack .../4-libgpg-error0_1.38-2_i386.deb ...
Unpacking libgpg-error0:i386 (1.38-2) ...
Selecting previously unselected package libgcrypt20:i386.
Preparing to unpack .../5-libgcrypt20_1.8.7-6_i386.deb ...
Unpacking libgcrypt20:i386 (1.8.7-6) ...
Selecting previously unselected package liblz4-1:i386.
Preparing to unpack .../6-liblz4-1_1.9.3-2_i386.deb ...
Unpacking liblz4-1:i386 (1.9.3-2) ...
Selecting previously unselected package liblzma5:i386.
Preparing to unpack .../7-liblzma5_5.2.5-2.1~deb11u1_i386.deb ...
Unpacking liblzma5:i386 (5.2.5-2.1~deb11u1) ...
Selecting previously unselected package libzstd1:i386.
Preparing to unpack .../8-libzstd1_1.4.8+dfsg-2.1_i386.deb ...
Unpacking libzstd1:i386 (1.4.8+dfsg-2.1) ...
Setting up gcc-10-base:i386 (10.2.1-6) ...
Setting up libgcc-s1:i386 (10.2.1-6) ...
Setting up libcrypt1:i386 (1:4.4.18-4) ...
Setting up libc6:i386 (2.31-13+deb11u5) ...
Setting up libgpg-error0:i386 (1.38-2) ...
Setting up libgcrypt20:i386 (1.8.7-6) ...
Setting up liblz4-1:i386 (1.9.3-2) ...
Setting up liblzma5:i386 (5.2.5-2.1~deb11u1) ...
Setting up libzstd1:i386 (1.4.8+dfsg-2.1) ...
Selecting previously unselected package libsystemd0:i386.
(Reading database ... 143139 files and directories currently installed.)
Preparing to unpack .../000-libsystemd0_247.3-7+deb11u1_i386.deb ...
Unpacking libsystemd0:i386 (247.3-7+deb11u1) ...
Selecting previously unselected package uuid-runtime.
Preparing to unpack .../001-uuid-runtime_2.36.1-8+deb11u1_amd64.deb ...
Unpacking uuid-runtime (2.36.1-8+deb11u1) ...
Selecting previously unselected package libasound2:i386.
Preparing to unpack .../002-libasound2_1.2.4-1.1_i386.deb ...
Unpacking libasound2:i386 (1.2.4-1.1) ...
Selecting previously unselected package libffi7:i386.
Preparing to unpack .../003-libffi7_3.3-6_i386.deb ...
Unpacking libffi7:i386 (3.3-6) ...
Selecting previously unselected package libblkid1:i386.
Preparing to unpack .../004-libblkid1_2.36.1-8+deb11u1_i386.deb ...
Unpacking libblkid1:i386 (2.36.1-8+deb11u1) ...
Selecting previously unselected package libpcre2-8-0:i386.
Preparing to unpack .../005-libpcre2-8-0_10.36-2+deb11u1_i386.deb ...
Unpacking libpcre2-8-0:i386 (10.36-2+deb11u1) ...
Selecting previously unselected package libselinux1:i386.
Preparing to unpack .../006-libselinux1_3.1-3_i386.deb ...
Unpacking libselinux1:i386 (3.1-3) ...
Selecting previously unselected package libmount1:i386.
Preparing to unpack .../007-libmount1_2.36.1-8+deb11u1_i386.deb ...
Unpacking libmount1:i386 (2.36.1-8+deb11u1) ...
Selecting previously unselected package libpcre3:i386.
Preparing to unpack .../008-libpcre3_2%3a8.39-13_i386.deb ...
Unpacking libpcre3:i386 (2:8.39-13) ...
Selecting previously unselected package zlib1g:i386.
Preparing to unpack .../009-zlib1g_1%3a1.2.11.dfsg-2+deb11u2_i386.deb ...
Unpacking zlib1g:i386 (1:1.2.11.dfsg-2+deb11u2) ...
Selecting previously unselected package libglib2.0-0:i386.
Preparing to unpack .../010-libglib2.0-0_2.66.8-1_i386.deb ...
Unpacking libglib2.0-0:i386 (2.66.8-1) ...
Selecting previously unselected package libbrotli1:i386.
Preparing to unpack .../011-libbrotli1_1.0.9-2+b2_i386.deb ...
Unpacking libbrotli1:i386 (1.0.9-2+b2) ...
Selecting previously unselected package libcom-err2:i386.
Preparing to unpack .../012-libcom-err2_1.46.2-2_i386.deb ...
Unpacking libcom-err2:i386 (1.46.2-2) ...
Selecting previously unselected package libkrb5support0:i386.
Preparing to unpack .../013-libkrb5support0_1.18.3-6+deb11u2_i386.deb ...
Unpacking libkrb5support0:i386 (1.18.3-6+deb11u2) ...
Selecting previously unselected package libk5crypto3:i386.
Preparing to unpack .../014-libk5crypto3_1.18.3-6+deb11u2_i386.deb ...
Unpacking libk5crypto3:i386 (1.18.3-6+deb11u2) ...
Selecting previously unselected package libkeyutils1:i386.
Preparing to unpack .../015-libkeyutils1_1.6.1-2_i386.deb ...
Unpacking libkeyutils1:i386 (1.6.1-2) ...
Selecting previously unselected package libssl1.1:i386.
Preparing to unpack .../016-libssl1.1_1.1.1n-0+deb11u3_i386.deb ...
Unpacking libssl1.1:i386 (1.1.1n-0+deb11u3) ...
Selecting previously unselected package libkrb5-3:i386.
Preparing to unpack .../017-libkrb5-3_1.18.3-6+deb11u2_i386.deb ...
Unpacking libkrb5-3:i386 (1.18.3-6+deb11u2) ...
Selecting previously unselected package libgssapi-krb5-2:i386.
Preparing to unpack .../018-libgssapi-krb5-2_1.18.3-6+deb11u2_i386.deb ...
Unpacking libgssapi-krb5-2:i386 (1.18.3-6+deb11u2) ...
Selecting previously unselected package libunistring2:i386.
Preparing to unpack .../019-libunistring2_0.9.10-4_i386.deb ...
Unpacking libunistring2:i386 (0.9.10-4) ...
Selecting previously unselected package libidn2-0:i386.
Preparing to unpack .../020-libidn2-0_2.3.0-5_i386.deb ...
Unpacking libidn2-0:i386 (2.3.0-5) ...
Selecting previously unselected package libgmp10:i386.
Preparing to unpack .../021-libgmp10_2%3a6.2.1+dfsg-1+deb11u1_i386.deb ...
Unpacking libgmp10:i386 (2:6.2.1+dfsg-1+deb11u1) ...
Selecting previously unselected package libnettle8:i386.
Preparing to unpack .../022-libnettle8_3.7.3-1_i386.deb ...
Unpacking libnettle8:i386 (3.7.3-1) ...
Selecting previously unselected package libhogweed6:i386.
Preparing to unpack .../023-libhogweed6_3.7.3-1_i386.deb ...
Unpacking libhogweed6:i386 (3.7.3-1) ...
Selecting previously unselected package libp11-kit0:i386.
Preparing to unpack .../024-libp11-kit0_0.23.22-1_i386.deb ...
Unpacking libp11-kit0:i386 (0.23.22-1) ...
Selecting previously unselected package libtasn1-6:i386.
Preparing to unpack .../025-libtasn1-6_4.16.0-2_i386.deb ...
Unpacking libtasn1-6:i386 (4.16.0-2) ...
Selecting previously unselected package libgnutls30:i386.
Preparing to unpack .../026-libgnutls30_3.7.1-5+deb11u2_i386.deb ...
Unpacking libgnutls30:i386 (3.7.1-5+deb11u2) ...
Selecting previously unselected package libdb5.3:i386.
Preparing to unpack .../027-libdb5.3_5.3.28+dfsg1-0.8_i386.deb ...
Unpacking libdb5.3:i386 (5.3.28+dfsg1-0.8) ...
Selecting previously unselected package libsasl2-modules-db:i386.
Preparing to unpack .../028-libsasl2-modules-db_2.1.27+dfsg-2.1+deb11u1_i386.deb
 ...
Unpacking libsasl2-modules-db:i386 (2.1.27+dfsg-2.1+deb11u1) ...
Selecting previously unselected package libsasl2-2:i386.
Preparing to unpack .../029-libsasl2-2_2.1.27+dfsg-2.1+deb11u1_i386.deb ...
Unpacking libsasl2-2:i386 (2.1.27+dfsg-2.1+deb11u1) ...
Selecting previously unselected package libldap-2.4-2:i386.
Preparing to unpack .../030-libldap-2.4-2_2.4.57+dfsg-3+deb11u1_i386.deb ...
Unpacking libldap-2.4-2:i386 (2.4.57+dfsg-3+deb11u1) ...
Selecting previously unselected package libnghttp2-14:i386.
Preparing to unpack .../031-libnghttp2-14_1.43.0-1_i386.deb ...
Unpacking libnghttp2-14:i386 (1.43.0-1) ...
Selecting previously unselected package libpsl5:i386.
Preparing to unpack .../032-libpsl5_0.21.0-1.2_i386.deb ...
Unpacking libpsl5:i386 (0.21.0-1.2) ...
Selecting previously unselected package librtmp1:i386.
Preparing to unpack .../033-librtmp1_2.4+20151223.gitfa8646d.1-2+b2_i386.deb ...
Unpacking librtmp1:i386 (2.4+20151223.gitfa8646d.1-2+b2) ...
Selecting previously unselected package libssh2-1:i386.
Preparing to unpack .../034-libssh2-1_1.9.0-2_i386.deb ...
Unpacking libssh2-1:i386 (1.9.0-2) ...
Selecting previously unselected package libcurl4:i386.
Preparing to unpack .../035-libcurl4_7.74.0-1.3+deb11u3_i386.deb ...
Unpacking libcurl4:i386 (7.74.0-1.3+deb11u3) ...
Selecting previously unselected package libexif12:i386.
Preparing to unpack .../036-libexif12_0.6.22-3_i386.deb ...
Unpacking libexif12:i386 (0.6.22-3) ...
Selecting previously unselected package libexpat1:i386.
Preparing to unpack .../037-libexpat1_2.2.10-2+deb11u5_i386.deb ...
Unpacking libexpat1:i386 (2.2.10-2+deb11u5) ...
Selecting previously unselected package libpng16-16:i386.
Preparing to unpack .../038-libpng16-16_1.6.37-3_i386.deb ...
Unpacking libpng16-16:i386 (1.6.37-3) ...
Selecting previously unselected package libfreetype6:i386.
Preparing to unpack .../039-libfreetype6_2.10.4+dfsg-1+deb11u1_i386.deb ...
Unpacking libfreetype6:i386 (2.10.4+dfsg-1+deb11u1) ...
Selecting previously unselected package libuuid1:i386.
Preparing to unpack .../040-libuuid1_2.36.1-8+deb11u1_i386.deb ...
Unpacking libuuid1:i386 (2.36.1-8+deb11u1) ...
Selecting previously unselected package libfontconfig1:i386.
Preparing to unpack .../041-libfontconfig1_2.13.1-4.2_i386.deb ...
Unpacking libfontconfig1:i386 (2.13.1-4.2) ...
Selecting previously unselected package libjpeg62-turbo:i386.
Preparing to unpack .../042-libjpeg62-turbo_1%3a2.0.6-4_i386.deb ...
Unpacking libjpeg62-turbo:i386 (1:2.0.6-4) ...
Selecting previously unselected package libdeflate0:i386.
Preparing to unpack .../043-libdeflate0_1.7-1_i386.deb ...
Unpacking libdeflate0:i386 (1.7-1) ...
Selecting previously unselected package libjbig0:i386.
Preparing to unpack .../044-libjbig0_2.1-3.1+b2_i386.deb ...
Unpacking libjbig0:i386 (2.1-3.1+b2) ...
Selecting previously unselected package libwebp6:i386.
Preparing to unpack .../045-libwebp6_0.6.1-2.1_i386.deb ...
Unpacking libwebp6:i386 (0.6.1-2.1) ...
Selecting previously unselected package libtiff5:i386.
Preparing to unpack .../046-libtiff5_4.2.0-1+deb11u1_i386.deb ...
Unpacking libtiff5:i386 (4.2.0-1+deb11u1) ...
Selecting previously unselected package libxau6:i386.
Preparing to unpack .../047-libxau6_1%3a1.0.9-1_i386.deb ...
Unpacking libxau6:i386 (1:1.0.9-1) ...
Selecting previously unselected package libmd0:i386.
Preparing to unpack .../048-libmd0_1.0.3-3_i386.deb ...
Unpacking libmd0:i386 (1.0.3-3) ...
Selecting previously unselected package libbsd0:i386.
Preparing to unpack .../049-libbsd0_0.11.3-1_i386.deb ...
Unpacking libbsd0:i386 (0.11.3-1) ...
Selecting previously unselected package libxdmcp6:i386.
Preparing to unpack .../050-libxdmcp6_1%3a1.1.2-3_i386.deb ...
Unpacking libxdmcp6:i386 (1:1.1.2-3) ...
Selecting previously unselected package libxcb1:i386.
Preparing to unpack .../051-libxcb1_1.14-3_i386.deb ...
Unpacking libxcb1:i386 (1.14-3) ...
Selecting previously unselected package libx11-6:i386.
Preparing to unpack .../052-libx11-6_2%3a1.7.2-1_i386.deb ...
Unpacking libx11-6:i386 (2:1.7.2-1) ...
Selecting previously unselected package libxpm4:i386.
Preparing to unpack .../053-libxpm4_1%3a3.5.12-1_i386.deb ...
Unpacking libxpm4:i386 (1:3.5.12-1) ...
Selecting previously unselected package libgd3:i386.
Preparing to unpack .../054-libgd3_2.3.0-2_i386.deb ...
Unpacking libgd3:i386 (2.3.0-2) ...
Selecting previously unselected package libltdl7:i386.
Preparing to unpack .../055-libltdl7_2.4.6-15_i386.deb ...
Unpacking libltdl7:i386 (2.4.6-15) ...
Selecting previously unselected package libudev1:i386.
Preparing to unpack .../056-libudev1_247.3-7+deb11u1_i386.deb ...
Unpacking libudev1:i386 (247.3-7+deb11u1) ...
Selecting previously unselected package libusb-1.0-0:i386.
Preparing to unpack .../057-libusb-1.0-0_2%3a1.0.24-3_i386.deb ...
Unpacking libusb-1.0-0:i386 (2:1.0.24-3) ...
Selecting previously unselected package libgphoto2-port12:i386.
Preparing to unpack .../058-libgphoto2-port12_2.5.27-1_i386.deb ...
Unpacking libgphoto2-port12:i386 (2.5.27-1) ...
Selecting previously unselected package libstdc++6:i386.
Preparing to unpack .../059-libstdc++6_10.2.1-6_i386.deb ...
Unpacking libstdc++6:i386 (10.2.1-6) ...
Selecting previously unselected package libicu67:i386.
Preparing to unpack .../060-libicu67_67.1-7_i386.deb ...
Unpacking libicu67:i386 (67.1-7) ...
Selecting previously unselected package libxml2:i386.
Preparing to unpack .../061-libxml2_2.9.10+dfsg-6.7+deb11u3_i386.deb ...
Unpacking libxml2:i386 (2.9.10+dfsg-6.7+deb11u3) ...
Selecting previously unselected package libgphoto2-6:i386.
Preparing to unpack .../062-libgphoto2-6_2.5.27-1_i386.deb ...
Unpacking libgphoto2-6:i386 (2.5.27-1) ...
Selecting previously unselected package libcap2:i386.
Preparing to unpack .../063-libcap2_1%3a2.44-1_i386.deb ...
Unpacking libcap2:i386 (1:2.44-1) ...
Selecting previously unselected package libbz2-1.0:i386.
Preparing to unpack .../064-libbz2-1.0_1.0.8-4_i386.deb ...
Unpacking libbz2-1.0:i386 (1.0.8-4) ...
Selecting previously unselected package libelf1:i386.
Preparing to unpack .../065-libelf1_0.183-1_i386.deb ...
Unpacking libelf1:i386 (0.183-1) ...
Selecting previously unselected package libdw1:i386.
Preparing to unpack .../066-libdw1_0.183-1_i386.deb ...
Unpacking libdw1:i386 (0.183-1) ...
Selecting previously unselected package libunwind8:i386.
Preparing to unpack .../067-libunwind8_1.3.2-2_i386.deb ...
Unpacking libunwind8:i386 (1.3.2-2) ...
Selecting previously unselected package libgstreamer1.0-0:i386.
Preparing to unpack .../068-libgstreamer1.0-0_1.18.4-2.1_i386.deb ...
Unpacking libgstreamer1.0-0:i386 (1.18.4-2.1) ...
Selecting previously unselected package liborc-0.4-0:i386.
Preparing to unpack .../069-liborc-0.4-0_1%3a0.4.32-1_i386.deb ...
Unpacking liborc-0.4-0:i386 (1:0.4.32-1) ...
Selecting previously unselected package libgstreamer-plugins-base1.0-0:i386.
Preparing to unpack .../070-libgstreamer-plugins-base1.0-0_1.18.4-2_i386.deb ...
Unpacking libgstreamer-plugins-base1.0-0:i386 (1.18.4-2) ...
Selecting previously unselected package libsndio7.0:i386.
Preparing to unpack .../071-libsndio7.0_1.5.0-3_i386.deb ...
Unpacking libsndio7.0:i386 (1.5.0-3) ...
Selecting previously unselected package libopenal1:i386.
Preparing to unpack .../072-libopenal1_1%3a1.19.1-2_i386.deb ...
Unpacking libopenal1:i386 (1:1.19.1-2) ...
Selecting previously unselected package libdbus-1-3:i386.
Preparing to unpack .../073-libdbus-1-3_1.12.24-0+deb11u1_i386.deb ...
Unpacking libdbus-1-3:i386 (1.12.24-0+deb11u1) ...
Selecting previously unselected package libpcap0.8:i386.
Preparing to unpack .../074-libpcap0.8_1.10.0-2_i386.deb ...
Unpacking libpcap0.8:i386 (1.10.0-2) ...
Selecting previously unselected package libasyncns0:i386.
Preparing to unpack .../075-libasyncns0_0.8-6+b2_i386.deb ...
Unpacking libasyncns0:i386 (0.8-6+b2) ...
Selecting previously unselected package libogg0:i386.
Preparing to unpack .../076-libogg0_1.3.4-0.1_i386.deb ...
Unpacking libogg0:i386 (1.3.4-0.1) ...
Selecting previously unselected package libflac8:i386.
Preparing to unpack .../077-libflac8_1.3.3-2+deb11u1_i386.deb ...
Unpacking libflac8:i386 (1.3.3-2+deb11u1) ...
Selecting previously unselected package libopus0:i386.
Preparing to unpack .../078-libopus0_1.3.1-0.1_i386.deb ...
Unpacking libopus0:i386 (1.3.1-0.1) ...
Selecting previously unselected package libvorbis0a:i386.
Preparing to unpack .../079-libvorbis0a_1.3.7-1_i386.deb ...
Unpacking libvorbis0a:i386 (1.3.7-1) ...
Selecting previously unselected package libvorbisenc2:i386.
Preparing to unpack .../080-libvorbisenc2_1.3.7-1_i386.deb ...
Unpacking libvorbisenc2:i386 (1.3.7-1) ...
Selecting previously unselected package libsndfile1:i386.
Preparing to unpack .../081-libsndfile1_1.0.31-2_i386.deb ...
Unpacking libsndfile1:i386 (1.0.31-2) ...
Selecting previously unselected package libtirpc3:i386.
Preparing to unpack .../082-libtirpc3_1.3.1-1+deb11u1_i386.deb ...
Unpacking libtirpc3:i386 (1.3.1-1+deb11u1) ...
Selecting previously unselected package libnsl2:i386.
Preparing to unpack .../083-libnsl2_1.3.0-2_i386.deb ...
Unpacking libnsl2:i386 (1.3.0-2) ...
Selecting previously unselected package libwrap0:i386.
Preparing to unpack .../084-libwrap0_7.6.q-31_i386.deb ...
Unpacking libwrap0:i386 (7.6.q-31) ...
Selecting previously unselected package libpulse0:i386.
Preparing to unpack .../085-libpulse0_14.2-2_i386.deb ...
Unpacking libpulse0:i386 (14.2-2) ...
Selecting previously unselected package libavahi-common-data:i386.
Preparing to unpack .../086-libavahi-common-data_0.8-5+deb11u1_i386.deb ...
Unpacking libavahi-common-data:i386 (0.8-5+deb11u1) ...
Selecting previously unselected package libavahi-common3:i386.
Preparing to unpack .../087-libavahi-common3_0.8-5+deb11u1_i386.deb ...
Unpacking libavahi-common3:i386 (0.8-5+deb11u1) ...
Selecting previously unselected package libavahi-client3:i386.
Preparing to unpack .../088-libavahi-client3_0.8-5+deb11u1_i386.deb ...
Unpacking libavahi-client3:i386 (0.8-5+deb11u1) ...
Selecting previously unselected package libpixman-1-0:i386.
Preparing to unpack .../089-libpixman-1-0_0.40.0-1_i386.deb ...
Unpacking libpixman-1-0:i386 (0.40.0-1) ...
Selecting previously unselected package libxcb-render0:i386.
Preparing to unpack .../090-libxcb-render0_1.14-3_i386.deb ...
Unpacking libxcb-render0:i386 (1.14-3) ...
Selecting previously unselected package libxcb-shm0:i386.
Preparing to unpack .../091-libxcb-shm0_1.14-3_i386.deb ...
Unpacking libxcb-shm0:i386 (1.14-3) ...
Selecting previously unselected package libxext6:i386.
Preparing to unpack .../092-libxext6_2%3a1.3.3-1.1_i386.deb ...
Unpacking libxext6:i386 (2:1.3.3-1.1) ...
Selecting previously unselected package libxrender1:i386.
Preparing to unpack .../093-libxrender1_1%3a0.9.10-1_i386.deb ...
Unpacking libxrender1:i386 (1:0.9.10-1) ...
Selecting previously unselected package libcairo2:i386.
Preparing to unpack .../094-libcairo2_1.16.0-5_i386.deb ...
Unpacking libcairo2:i386 (1.16.0-5) ...
Selecting previously unselected package libcurl3-gnutls:i386.
Preparing to unpack .../095-libcurl3-gnutls_7.74.0-1.3+deb11u3_i386.deb ...
Unpacking libcurl3-gnutls:i386 (7.74.0-1.3+deb11u3) ...
Selecting previously unselected package libieee1284-3:i386.
Preparing to unpack .../096-libieee1284-3_0.2.11-14_i386.deb ...
Unpacking libieee1284-3:i386 (0.2.11-14) ...
Selecting previously unselected package liblcms2-2:i386.
Preparing to unpack .../097-liblcms2-2_2.12~rc1-2_i386.deb ...
Unpacking liblcms2-2:i386 (2.12~rc1-2) ...
Selecting previously unselected package libnspr4:i386.
Preparing to unpack .../098-libnspr4_2%3a4.29-1_i386.deb ...
Unpacking libnspr4:i386 (2:4.29-1) ...
Selecting previously unselected package libsqlite3-0:i386.
Preparing to unpack .../099-libsqlite3-0_3.34.1-3_i386.deb ...
Unpacking libsqlite3-0:i386 (3.34.1-3) ...
Selecting previously unselected package libnss3:i386.
Preparing to unpack .../100-libnss3_2%3a3.61-1+deb11u2_i386.deb ...
Unpacking libnss3:i386 (2:3.61-1+deb11u2) ...
Selecting previously unselected package libopenjp2-7:i386.
Preparing to unpack .../101-libopenjp2-7_2.4.0-3_i386.deb ...
Unpacking libopenjp2-7:i386 (2.4.0-3) ...
Selecting previously unselected package libpoppler102:i386.
Preparing to unpack .../102-libpoppler102_20.09.0-3.1+deb11u1_i386.deb ...
Unpacking libpoppler102:i386 (20.09.0-3.1+deb11u1) ...
Selecting previously unselected package libpoppler-glib8:i386.
Preparing to unpack .../103-libpoppler-glib8_20.09.0-3.1+deb11u1_i386.deb ...
Unpacking libpoppler-glib8:i386 (20.09.0-3.1+deb11u1) ...
Selecting previously unselected package libpci3:i386.
Preparing to unpack .../104-libpci3_1%3a3.7.0-5_i386.deb ...
Unpacking libpci3:i386 (1:3.7.0-5) ...
Selecting previously unselected package libgdbm6:i386.
Preparing to unpack .../105-libgdbm6_1.19-2_i386.deb ...
Unpacking libgdbm6:i386 (1.19-2) ...
Selecting previously unselected package libgdbm-compat4:i386.
Preparing to unpack .../106-libgdbm-compat4_1.19-2_i386.deb ...
Unpacking libgdbm-compat4:i386 (1.19-2) ...
Selecting previously unselected package libperl5.32:i386.
Preparing to unpack .../107-libperl5.32_5.32.1-4+deb11u2_i386.deb ...
Unpacking libperl5.32:i386 (5.32.1-4+deb11u2) ...
Selecting previously unselected package libsensors5:i386.
Preparing to unpack .../108-libsensors5_1%3a3.6.0-7_i386.deb ...
Unpacking libsensors5:i386 (1:3.6.0-7) ...
Selecting previously unselected package libsnmp40:i386.
Preparing to unpack .../109-libsnmp40_5.9+dfsg-4+deb11u1_i386.deb ...
Unpacking libsnmp40:i386 (5.9+dfsg-4+deb11u1) ...
Selecting previously unselected package libsane1:i386.
Preparing to unpack .../110-libsane1_1.0.31-4.1_i386.deb ...
Unpacking libsane1:i386 (1.0.31-4.1) ...
Selecting previously unselected package libvulkan1:i386.
Preparing to unpack .../111-libvulkan1_1.2.162.0-1_i386.deb ...
Unpacking libvulkan1:i386 (1.2.162.0-1) ...
Selecting previously unselected package libvkd3d-shader1:i386.
Preparing to unpack .../112-libvkd3d-shader1_1.3~bullseye-1_i386.deb ...
Unpacking libvkd3d-shader1:i386 (1.3~bullseye-1) ...
Selecting previously unselected package libvkd3d1:i386.
Preparing to unpack .../113-libvkd3d1_1.3~bullseye-1_i386.deb ...
Unpacking libvkd3d1:i386 (1.3~bullseye-1) ...
Selecting previously unselected package ocl-icd-libopencl1:i386.
Preparing to unpack .../114-ocl-icd-libopencl1_2.2.14-2_i386.deb ...
Unpacking ocl-icd-libopencl1:i386 (2.2.14-2) ...
Selecting previously unselected package libaom0:i386.
Preparing to unpack .../115-libaom0_1.0.0.errata1-3_i386.deb ...
Unpacking libaom0:i386 (1.0.0.errata1-3) ...
Selecting previously unselected package libdrm2:i386.
Preparing to unpack .../116-libdrm2_2.4.104-1_i386.deb ...
Unpacking libdrm2:i386 (2.4.104-1) ...
Selecting previously unselected package libva2:i386.
Preparing to unpack .../117-libva2_2.10.0-1_i386.deb ...
Unpacking libva2:i386 (2.10.0-1) ...
Selecting previously unselected package libva-drm2:i386.
Preparing to unpack .../118-libva-drm2_2.10.0-1_i386.deb ...
Unpacking libva-drm2:i386 (2.10.0-1) ...
Selecting previously unselected package libxfixes3:i386.
Preparing to unpack .../119-libxfixes3_1%3a5.0.3-2_i386.deb ...
Unpacking libxfixes3:i386 (1:5.0.3-2) ...
Selecting previously unselected package libva-x11-2:i386.
Preparing to unpack .../120-libva-x11-2_2.10.0-1_i386.deb ...
Unpacking libva-x11-2:i386 (2.10.0-1) ...
Selecting previously unselected package libvdpau1:i386.
Preparing to unpack .../121-libvdpau1_1.4-3_i386.deb ...
Unpacking libvdpau1:i386 (1.4-3) ...
Selecting previously unselected package libavutil56:i386.
Preparing to unpack .../122-libavutil56_7%3a4.3.5-0+deb11u1_i386.deb ...
Unpacking libavutil56:i386 (7:4.3.5-0+deb11u1) ...
Selecting previously unselected package libcodec2-0.9:i386.
Preparing to unpack .../123-libcodec2-0.9_0.9.2-4_i386.deb ...
Unpacking libcodec2-0.9:i386 (0.9.2-4) ...
Selecting previously unselected package libdav1d4:i386.
Preparing to unpack .../124-libdav1d4_0.7.1-3_i386.deb ...
Unpacking libdav1d4:i386 (0.7.1-3) ...
Selecting previously unselected package libgsm1:i386.
Preparing to unpack .../125-libgsm1_1.0.18-2_i386.deb ...
Unpacking libgsm1:i386 (1.0.18-2) ...
Selecting previously unselected package libmp3lame0:i386.
Preparing to unpack .../126-libmp3lame0_3.100-3_i386.deb ...
Unpacking libmp3lame0:i386 (3.100-3) ...
Selecting previously unselected package libcairo-gobject2:i386.
Preparing to unpack .../127-libcairo-gobject2_1.16.0-5_i386.deb ...
Unpacking libcairo-gobject2:i386 (1.16.0-5) ...
Selecting previously unselected package libgdk-pixbuf-2.0-0:i386.
Preparing to unpack .../128-libgdk-pixbuf-2.0-0_2.42.2+dfsg-1+deb11u1_i386.deb .
..
Unpacking libgdk-pixbuf-2.0-0:i386 (2.42.2+dfsg-1+deb11u1) ...
Selecting previously unselected package libfribidi0:i386.
Preparing to unpack .../129-libfribidi0_1.0.8-2+deb11u1_i386.deb ...
Unpacking libfribidi0:i386 (1.0.8-2+deb11u1) ...
Selecting previously unselected package libgraphite2-3:i386.
Preparing to unpack .../130-libgraphite2-3_1.3.14-1_i386.deb ...
Unpacking libgraphite2-3:i386 (1.3.14-1) ...
Selecting previously unselected package libharfbuzz0b:i386.
Preparing to unpack .../131-libharfbuzz0b_2.7.4-1_i386.deb ...
Unpacking libharfbuzz0b:i386 (2.7.4-1) ...
Selecting previously unselected package libdatrie1:i386.
Preparing to unpack .../132-libdatrie1_0.2.13-1_i386.deb ...
Unpacking libdatrie1:i386 (0.2.13-1) ...
Selecting previously unselected package libthai0:i386.
Preparing to unpack .../133-libthai0_0.1.28-3_i386.deb ...
Unpacking libthai0:i386 (0.1.28-3) ...
Selecting previously unselected package libpango-1.0-0:i386.
Preparing to unpack .../134-libpango-1.0-0_1.46.2-3_i386.deb ...
Unpacking libpango-1.0-0:i386 (1.46.2-3) ...
Selecting previously unselected package libpangoft2-1.0-0:i386.
Preparing to unpack .../135-libpangoft2-1.0-0_1.46.2-3_i386.deb ...
Unpacking libpangoft2-1.0-0:i386 (1.46.2-3) ...
Selecting previously unselected package libpangocairo-1.0-0:i386.
Preparing to unpack .../136-libpangocairo-1.0-0_1.46.2-3_i386.deb ...
Unpacking libpangocairo-1.0-0:i386 (1.46.2-3) ...
Selecting previously unselected package librsvg2-2:i386.
Preparing to unpack .../137-librsvg2-2_2.50.3+dfsg-1_i386.deb ...
Unpacking librsvg2-2:i386 (2.50.3+dfsg-1) ...
Selecting previously unselected package libshine3:i386.
Preparing to unpack .../138-libshine3_3.1.1-2_i386.deb ...
Unpacking libshine3:i386 (3.1.1-2) ...
Selecting previously unselected package libsnappy1v5:i386.
Preparing to unpack .../139-libsnappy1v5_1.1.8-1_i386.deb ...
Unpacking libsnappy1v5:i386 (1.1.8-1) ...
Selecting previously unselected package libspeex1:i386.
Preparing to unpack .../140-libspeex1_1.2~rc1.2-1.1_i386.deb ...
Unpacking libspeex1:i386 (1.2~rc1.2-1.1) ...
Selecting previously unselected package libgomp1:i386.
Preparing to unpack .../141-libgomp1_10.2.1-6_i386.deb ...
Unpacking libgomp1:i386 (10.2.1-6) ...
Selecting previously unselected package libsoxr0:i386.
Preparing to unpack .../142-libsoxr0_0.1.3-4_i386.deb ...
Unpacking libsoxr0:i386 (0.1.3-4) ...
Selecting previously unselected package libswresample3:i386.
Preparing to unpack .../143-libswresample3_7%3a4.3.5-0+deb11u1_i386.deb ...
Unpacking libswresample3:i386 (7:4.3.5-0+deb11u1) ...
Selecting previously unselected package libtheora0:i386.
Preparing to unpack .../144-libtheora0_1.1.1+dfsg.1-15_i386.deb ...
Unpacking libtheora0:i386 (1.1.1+dfsg.1-15) ...
Selecting previously unselected package libtwolame0:i386.
Preparing to unpack .../145-libtwolame0_0.4.0-2_i386.deb ...
Unpacking libtwolame0:i386 (0.4.0-2) ...
Selecting previously unselected package libvpx6:i386.
Preparing to unpack .../146-libvpx6_1.9.0-1_i386.deb ...
Unpacking libvpx6:i386 (1.9.0-1) ...
Selecting previously unselected package libwavpack1:i386.
Preparing to unpack .../147-libwavpack1_5.4.0-1_i386.deb ...
Unpacking libwavpack1:i386 (5.4.0-1) ...
Selecting previously unselected package libwebpmux3:i386.
Preparing to unpack .../148-libwebpmux3_0.6.1-2.1_i386.deb ...
Unpacking libwebpmux3:i386 (0.6.1-2.1) ...
Selecting previously unselected package libx264-160:i386.
Preparing to unpack .../149-libx264-160_2%3a0.160.3011+gitcde9a93-2.1_i386.deb .
..
Unpacking libx264-160:i386 (2:0.160.3011+gitcde9a93-2.1) ...
Selecting previously unselected package libnuma1:i386.
Preparing to unpack .../150-libnuma1_2.0.12-1+b1_i386.deb ...
Unpacking libnuma1:i386 (2.0.12-1+b1) ...
Selecting previously unselected package libx265-192:i386.
Preparing to unpack .../151-libx265-192_3.4-2_i386.deb ...
Unpacking libx265-192:i386 (3.4-2) ...
Selecting previously unselected package libxvidcore4:i386.
Preparing to unpack .../152-libxvidcore4_2%3a1.3.7-1_i386.deb ...
Unpacking libxvidcore4:i386 (2:1.3.7-1) ...
Selecting previously unselected package libzvbi0:i386.
Preparing to unpack .../153-libzvbi0_0.2.35-18_i386.deb ...
Unpacking libzvbi0:i386 (0.2.35-18) ...
Selecting previously unselected package libavcodec58:i386.
Preparing to unpack .../154-libavcodec58_7%3a4.3.5-0+deb11u1_i386.deb ...
Unpacking libavcodec58:i386 (7:4.3.5-0+deb11u1) ...
Selecting previously unselected package libavresample4:i386.
Preparing to unpack .../155-libavresample4_7%3a4.3.5-0+deb11u1_i386.deb ...
Unpacking libavresample4:i386 (7:4.3.5-0+deb11u1) ...
Selecting previously unselected package libsamplerate0:i386.
Preparing to unpack .../156-libsamplerate0_0.2.1+ds0-1_i386.deb ...
Unpacking libsamplerate0:i386 (0.2.1+ds0-1) ...
Selecting previously unselected package libjack-jackd2-0:i386.
Preparing to unpack .../157-libjack-jackd2-0_1.9.17~dfsg-1_i386.deb ...
Unpacking libjack-jackd2-0:i386 (1.9.17~dfsg-1) ...
Selecting previously unselected package libasound2-plugins:i386.
Preparing to unpack .../158-libasound2-plugins_1.2.2-2_i386.deb ...
Unpacking libasound2-plugins:i386 (1.2.2-2) ...
Selecting previously unselected package libtinfo6:i386.
Preparing to unpack .../159-libtinfo6_6.2+20201114-2_i386.deb ...
Unpacking libtinfo6:i386 (6.2+20201114-2) ...
Selecting previously unselected package libncurses6:i386.
Preparing to unpack .../160-libncurses6_6.2+20201114-2_i386.deb ...
Unpacking libncurses6:i386 (6.2+20201114-2) ...
Selecting previously unselected package wine-stable-i386:i386.
Preparing to unpack .../161-wine-stable-i386_7.0.0.0~bullseye-1_i386.deb ...
Unpacking wine-stable-i386:i386 (7.0.0.0~bullseye-1) ...
Selecting previously unselected package libvkd3d-shader1:amd64.
Preparing to unpack .../162-libvkd3d-shader1_1.3~bullseye-1_amd64.deb ...
Unpacking libvkd3d-shader1:amd64 (1.3~bullseye-1) ...
Selecting previously unselected package libvkd3d1:amd64.
Preparing to unpack .../163-libvkd3d1_1.3~bullseye-1_amd64.deb ...
Unpacking libvkd3d1:amd64 (1.3~bullseye-1) ...
Selecting previously unselected package wine-stable-amd64.
Preparing to unpack .../164-wine-stable-amd64_7.0.0.0~bullseye-1_amd64.deb ...
Unpacking wine-stable-amd64 (7.0.0.0~bullseye-1) ...
Selecting previously unselected package wine-stable.
Preparing to unpack .../165-wine-stable_7.0.0.0~bullseye-1_amd64.deb ...
Unpacking wine-stable (7.0.0.0~bullseye-1) ...
Selecting previously unselected package libcdparanoia0:i386.
Preparing to unpack .../166-libcdparanoia0_3.10.2+debian-13.1_i386.deb ...
Unpacking libcdparanoia0:i386 (3.10.2+debian-13.1) ...
Selecting previously unselected package libvisual-0.4-0:i386.
Preparing to unpack .../167-libvisual-0.4-0_0.4.0-17_i386.deb ...
Unpacking libvisual-0.4-0:i386 (0.4.0-17) ...
Selecting previously unselected package gstreamer1.0-plugins-base:i386.
Preparing to unpack .../168-gstreamer1.0-plugins-base_1.18.4-2_i386.deb ...
Unpacking gstreamer1.0-plugins-base:i386 (1.18.4-2) ...
Selecting previously unselected package libpciaccess0:i386.
Preparing to unpack .../169-libpciaccess0_0.16-1_i386.deb ...
Unpacking libpciaccess0:i386 (0.16-1) ...
Selecting previously unselected package libdrm-intel1:i386.
Preparing to unpack .../170-libdrm-intel1_2.4.104-1_i386.deb ...
Unpacking libdrm-intel1:i386 (2.4.104-1) ...
Selecting previously unselected package i965-va-driver:i386.
Preparing to unpack .../171-i965-va-driver_2.4.1+dfsg1-1_i386.deb ...
Unpacking i965-va-driver:i386 (2.4.1+dfsg1-1) ...
Selecting previously unselected package libigdgmm11:i386.
Preparing to unpack .../172-libigdgmm11_20.4.1+ds1-1_i386.deb ...
Unpacking libigdgmm11:i386 (20.4.1+ds1-1) ...
Selecting previously unselected package intel-media-va-driver:i386.
Preparing to unpack .../173-intel-media-va-driver_21.1.1+dfsg1-1_i386.deb ...
Unpacking intel-media-va-driver:i386 (21.1.1+dfsg1-1) ...
Selecting previously unselected package libatomic1:i386.
Preparing to unpack .../174-libatomic1_10.2.1-6_i386.deb ...
Unpacking libatomic1:i386 (10.2.1-6) ...
Selecting previously unselected package libcups2:i386.
Preparing to unpack .../175-libcups2_2.3.3op2-3+deb11u2_i386.deb ...
Unpacking libcups2:i386 (2.3.3op2-3+deb11u2) ...
Selecting previously unselected package libdrm-amdgpu1:i386.
Preparing to unpack .../176-libdrm-amdgpu1_2.4.104-1_i386.deb ...
Unpacking libdrm-amdgpu1:i386 (2.4.104-1) ...
Selecting previously unselected package libdrm-nouveau2:i386.
Preparing to unpack .../177-libdrm-nouveau2_2.4.104-1_i386.deb ...
Unpacking libdrm-nouveau2:i386 (2.4.104-1) ...
Selecting previously unselected package libdrm-radeon1:i386.
Preparing to unpack .../178-libdrm-radeon1_2.4.104-1_i386.deb ...
Unpacking libdrm-radeon1:i386 (2.4.104-1) ...
Selecting previously unselected package libedit2:i386.
Preparing to unpack .../179-libedit2_3.1-20191231-2+b1_i386.deb ...
Unpacking libedit2:i386 (3.1-20191231-2+b1) ...
Selecting previously unselected package libwayland-server0:i386.
Preparing to unpack .../180-libwayland-server0_1.18.0-2~exp1.1_i386.deb ...
Unpacking libwayland-server0:i386 (1.18.0-2~exp1.1) ...
Selecting previously unselected package libgbm1:i386.
Preparing to unpack .../181-libgbm1_20.3.5-1_i386.deb ...
Unpacking libgbm1:i386 (20.3.5-1) ...
Selecting previously unselected package libglapi-mesa:i386.
Preparing to unpack .../182-libglapi-mesa_20.3.5-1_i386.deb ...
Unpacking libglapi-mesa:i386 (20.3.5-1) ...
Selecting previously unselected package libz3-4:i386.
Preparing to unpack .../183-libz3-4_4.8.10-1_i386.deb ...
Unpacking libz3-4:i386 (4.8.10-1) ...
Selecting previously unselected package libllvm11:i386.
Preparing to unpack .../184-libllvm11_1%3a11.0.1-2_i386.deb ...
Unpacking libllvm11:i386 (1:11.0.1-2) ...
Selecting previously unselected package libgl1-mesa-dri:i386.
Preparing to unpack .../185-libgl1-mesa-dri_20.3.5-1_i386.deb ...
Unpacking libgl1-mesa-dri:i386 (20.3.5-1) ...
Selecting previously unselected package libglvnd0:i386.
Preparing to unpack .../186-libglvnd0_1.3.2-1_i386.deb ...
Unpacking libglvnd0:i386 (1.3.2-1) ...
Selecting previously unselected package libx11-xcb1:i386.
Preparing to unpack .../187-libx11-xcb1_2%3a1.7.2-1_i386.deb ...
Unpacking libx11-xcb1:i386 (2:1.7.2-1) ...
Selecting previously unselected package libxcb-dri2-0:i386.
Preparing to unpack .../188-libxcb-dri2-0_1.14-3_i386.deb ...
Unpacking libxcb-dri2-0:i386 (1.14-3) ...
Selecting previously unselected package libxcb-dri3-0:i386.
Preparing to unpack .../189-libxcb-dri3-0_1.14-3_i386.deb ...
Unpacking libxcb-dri3-0:i386 (1.14-3) ...
Selecting previously unselected package libxcb-glx0:i386.
Preparing to unpack .../190-libxcb-glx0_1.14-3_i386.deb ...
Unpacking libxcb-glx0:i386 (1.14-3) ...
Selecting previously unselected package libxcb-present0:i386.
Preparing to unpack .../191-libxcb-present0_1.14-3_i386.deb ...
Unpacking libxcb-present0:i386 (1.14-3) ...
Selecting previously unselected package libxcb-sync1:i386.
Preparing to unpack .../192-libxcb-sync1_1.14-3_i386.deb ...
Unpacking libxcb-sync1:i386 (1.14-3) ...
Selecting previously unselected package libxcb-xfixes0:i386.
Preparing to unpack .../193-libxcb-xfixes0_1.14-3_i386.deb ...
Unpacking libxcb-xfixes0:i386 (1.14-3) ...
Selecting previously unselected package libxdamage1:i386.
Preparing to unpack .../194-libxdamage1_1%3a1.1.5-2_i386.deb ...
Unpacking libxdamage1:i386 (1:1.1.5-2) ...
Selecting previously unselected package libxshmfence1:i386.
Preparing to unpack .../195-libxshmfence1_1.3-1_i386.deb ...
Unpacking libxshmfence1:i386 (1.3-1) ...
Selecting previously unselected package libxxf86vm1:i386.
Preparing to unpack .../196-libxxf86vm1_1%3a1.1.4-1+b2_i386.deb ...
Unpacking libxxf86vm1:i386 (1:1.1.4-1+b2) ...
Selecting previously unselected package libglx-mesa0:i386.
Preparing to unpack .../197-libglx-mesa0_20.3.5-1_i386.deb ...
Unpacking libglx-mesa0:i386 (20.3.5-1) ...
Selecting previously unselected package libglx0:i386.
Preparing to unpack .../198-libglx0_1.3.2-1_i386.deb ...
Unpacking libglx0:i386 (1.3.2-1) ...
Selecting previously unselected package libgl1:i386.
Preparing to unpack .../199-libgl1_1.3.2-1_i386.deb ...
Unpacking libgl1:i386 (1.3.2-1) ...
Selecting previously unselected package libglu1-mesa:i386.
Preparing to unpack .../200-libglu1-mesa_9.0.1-1_i386.deb ...
Unpacking libglu1-mesa:i386 (9.0.1-1) ...
Selecting previously unselected package libgpg-error-l10n.
Preparing to unpack .../201-libgpg-error-l10n_1.38-2_all.deb ...
Unpacking libgpg-error-l10n (1.38-2) ...
Selecting previously unselected package libgpm2:i386.
Preparing to unpack .../202-libgpm2_1.20.7-8_i386.deb ...
Unpacking libgpm2:i386 (1.20.7-8) ...
Selecting previously unselected package libnss-nis:i386.
Preparing to unpack .../203-libnss-nis_3.1-4_i386.deb ...
Unpacking libnss-nis:i386 (3.1-4) ...
Selecting previously unselected package libnss-nisplus:i386.
Preparing to unpack .../204-libnss-nisplus_1.3-4_i386.deb ...
Unpacking libnss-nisplus:i386 (1.3-4) ...
Selecting previously unselected package libodbc1:amd64.
Preparing to unpack .../205-libodbc1_2.3.6-0.1+b1_amd64.deb ...
Unpacking libodbc1:amd64 (2.3.6-0.1+b1) ...
Selecting previously unselected package libodbc1:i386.
Preparing to unpack .../206-libodbc1_2.3.6-0.1+b1_i386.deb ...
Unpacking libodbc1:i386 (2.3.6-0.1+b1) ...
Selecting previously unselected package libosmesa6:i386.
Preparing to unpack .../207-libosmesa6_20.3.5-1_i386.deb ...
Unpacking libosmesa6:i386 (20.3.5-1) ...
Selecting previously unselected package libosmesa6:amd64.
Preparing to unpack .../208-libosmesa6_20.3.5-1_amd64.deb ...
Unpacking libosmesa6:amd64 (20.3.5-1) ...
Selecting previously unselected package librsvg2-common:i386.
Preparing to unpack .../209-librsvg2-common_2.50.3+dfsg-1_i386.deb ...
Unpacking librsvg2-common:i386 (2.50.3+dfsg-1) ...
Selecting previously unselected package libsasl2-modules:i386.
Preparing to unpack .../210-libsasl2-modules_2.1.27+dfsg-2.1+deb11u1_i386.deb ..
.
Unpacking libsasl2-modules:i386 (2.1.27+dfsg-2.1+deb11u1) ...
Selecting previously unselected package libwayland-client0:i386.
Preparing to unpack .../211-libwayland-client0_1.18.0-2~exp1.1_i386.deb ...
Unpacking libwayland-client0:i386 (1.18.0-2~exp1.1) ...
Selecting previously unselected package libwayland-cursor0:i386.
Preparing to unpack .../212-libwayland-cursor0_1.18.0-2~exp1.1_i386.deb ...
Unpacking libwayland-cursor0:i386 (1.18.0-2~exp1.1) ...
Selecting previously unselected package libwayland-egl1:i386.
Preparing to unpack .../213-libwayland-egl1_1.18.0-2~exp1.1_i386.deb ...
Unpacking libwayland-egl1:i386 (1.18.0-2~exp1.1) ...
Selecting previously unselected package libxcursor1:i386.
Preparing to unpack .../214-libxcursor1_1%3a1.2.0-2_i386.deb ...
Unpacking libxcursor1:i386 (1:1.2.0-2) ...
Selecting previously unselected package libxi6:i386.
Preparing to unpack .../215-libxi6_2%3a1.7.10-1_i386.deb ...
Unpacking libxi6:i386 (2:1.7.10-1) ...
Selecting previously unselected package libxinerama1:i386.
Preparing to unpack .../216-libxinerama1_2%3a1.1.4-2_i386.deb ...
Unpacking libxinerama1:i386 (2:1.1.4-2) ...
Selecting previously unselected package libxkbcommon0:i386.
Preparing to unpack .../217-libxkbcommon0_1.0.3-2_i386.deb ...
Unpacking libxkbcommon0:i386 (1.0.3-2) ...
Selecting previously unselected package libxrandr2:i386.
Preparing to unpack .../218-libxrandr2_2%3a1.5.1-1_i386.deb ...
Unpacking libxrandr2:i386 (2:1.5.1-1) ...
Selecting previously unselected package libxss1:i386.
Preparing to unpack .../219-libxss1_1%3a1.2.3-1_i386.deb ...
Unpacking libxss1:i386 (1:1.2.3-1) ...
Selecting previously unselected package libsdl2-2.0-0:i386.
Preparing to unpack .../220-libsdl2-2.0-0_2.0.14+dfsg2-3+deb11u1_i386.deb ...
Unpacking libsdl2-2.0-0:i386 (2.0.14+dfsg2-3+deb11u1) ...
Selecting previously unselected package libv4lconvert0:i386.
Preparing to unpack .../221-libv4lconvert0_1.20.0-2_i386.deb ...
Unpacking libv4lconvert0:i386 (1.20.0-2) ...
Selecting previously unselected package libv4l-0:i386.
Preparing to unpack .../222-libv4l-0_1.20.0-2_i386.deb ...
Unpacking libv4l-0:i386 (1.20.0-2) ...
Selecting previously unselected package libvdpau-va-gl1:i386.
Preparing to unpack .../223-libvdpau-va-gl1_0.4.2-1+b1_i386.deb ...
Unpacking libvdpau-va-gl1:i386 (0.4.2-1+b1) ...
Selecting previously unselected package libxcb-randr0:i386.
Preparing to unpack .../224-libxcb-randr0_1.14-3_i386.deb ...
Unpacking libxcb-randr0:i386 (1.14-3) ...
Selecting previously unselected package libxcomposite1:i386.
Preparing to unpack .../225-libxcomposite1_1%3a0.4.5-1_i386.deb ...
Unpacking libxcomposite1:i386 (1:0.4.5-1) ...
Selecting previously unselected package mesa-va-drivers:i386.
Preparing to unpack .../226-mesa-va-drivers_20.3.5-1_i386.deb ...
Unpacking mesa-va-drivers:i386 (20.3.5-1) ...
Selecting previously unselected package mesa-vdpau-drivers:i386.
Preparing to unpack .../227-mesa-vdpau-drivers_20.3.5-1_i386.deb ...
Unpacking mesa-vdpau-drivers:i386 (20.3.5-1) ...
Selecting previously unselected package mesa-vulkan-drivers:i386.
Preparing to unpack .../228-mesa-vulkan-drivers_20.3.5-1_i386.deb ...
Unpacking mesa-vulkan-drivers:i386 (20.3.5-1) ...
Selecting previously unselected package va-driver-all:i386.
Preparing to unpack .../229-va-driver-all_2.10.0-1_i386.deb ...
Unpacking va-driver-all:i386 (2.10.0-1) ...
Selecting previously unselected package vdpau-driver-all:i386.
Preparing to unpack .../230-vdpau-driver-all_1.4-3_i386.deb ...
Unpacking vdpau-driver-all:i386 (1.4-3) ...
Selecting previously unselected package vkd3d-compiler.
Preparing to unpack .../231-vkd3d-compiler_1.3~bullseye-1_amd64.deb ...
Unpacking vkd3d-compiler (1.3~bullseye-1) ...
Selecting previously unselected package winehq-stable.
Preparing to unpack .../232-winehq-stable_7.0.0.0~bullseye-1_amd64.deb ...
Unpacking winehq-stable (7.0.0.0~bullseye-1) ...
Setting up libexpat1:i386 (2.2.10-2+deb11u5) ...
Setting up libgraphite2-3:i386 (1.3.14-1) ...
Setting up liblcms2-2:i386 (2.12~rc1-2) ...
Setting up libpixman-1-0:i386 (0.40.0-1) ...
Setting up libcdparanoia0:i386 (3.10.2+debian-13.1) ...
Setting up libxau6:i386 (1:1.0.9-1) ...
Setting up libkeyutils1:i386 (1.6.1-2) ...
Setting up libgpm2:i386 (1.20.7-8) ...
Setting up libogg0:i386 (1.3.4-0.1) ...
Setting up libspeex1:i386 (1.2~rc1.2-1.1) ...
Setting up libshine3:i386 (3.1.1-2) ...
Setting up libtwolame0:i386 (0.4.0-2) ...
Setting up libdatrie1:i386 (0.2.13-1) ...
Setting up libgsm1:i386 (1.0.18-2) ...
Setting up libvisual-0.4-0:i386 (0.4.0-17) ...
Setting up libglvnd0:i386 (1.3.2-1) ...
Setting up libssl1.1:i386 (1.1.1n-0+deb11u3) ...
Setting up libaom0:i386 (1.0.0.errata1-3) ...
Setting up libbrotli1:i386 (1.0.9-2+b2) ...
Setting up libsqlite3-0:i386 (3.34.1-3) ...
Setting up libsasl2-modules:i386 (2.1.27+dfsg-2.1+deb11u1) ...
Setting up libffi7:i386 (3.3-6) ...
Setting up libnghttp2-14:i386 (1.43.0-1) ...
Setting up libunistring2:i386 (0.9.10-4) ...
Setting up libdeflate0:i386 (1.7-1) ...
Setting up zlib1g:i386 (1:1.2.11.dfsg-2+deb11u2) ...
Setting up libidn2-0:i386 (2.3.0-5) ...
Setting up libcom-err2:i386 (1.46.2-2) ...
Setting up libgomp1:i386 (10.2.1-6) ...
Setting up libxvidcore4:i386 (2:1.3.7-1) ...
Setting up libunwind8:i386 (1.3.2-2) ...
Setting up libx264-160:i386 (2:0.160.3011+gitcde9a93-2.1) ...
Setting up libjbig0:i386 (2.1-3.1+b2) ...
Setting up libsystemd0:i386 (247.3-7+deb11u1) ...
Setting up libcap2:i386 (1:2.44-1) ...
Setting up libflac8:i386 (1.3.3-2+deb11u1) ...
Setting up libkrb5support0:i386 (1.18.3-6+deb11u2) ...
Setting up libthai0:i386 (0.1.28-3) ...
Setting up libpcre3:i386 (2:8.39-13) ...
Setting up libjpeg62-turbo:i386 (1:2.0.6-4) ...
Setting up libva2:i386 (2.10.0-1) ...
Setting up libnettle8:i386 (3.7.3-1) ...
Setting up libnspr4:i386 (2:4.29-1) ...
Setting up libgmp10:i386 (2:6.2.1+dfsg-1+deb11u1) ...
Setting up libcodec2-0.9:i386 (0.9.2-4) ...
Setting up libavahi-common-data:i386 (0.8-5+deb11u1) ...
Setting up libvkd3d-shader1:amd64 (1.3~bullseye-1) ...
Setting up libvkd3d-shader1:i386 (1.3~bullseye-1) ...
Setting up libdbus-1-3:i386 (1.12.24-0+deb11u1) ...
Setting up libfribidi0:i386 (1.0.8-2+deb11u1) ...
Setting up libopus0:i386 (1.3.1-0.1) ...
Setting up libp11-kit0:i386 (0.23.22-1) ...
Setting up libexif12:i386 (0.6.22-3) ...
Setting up libpng16-16:i386 (1.6.37-3) ...
Setting up libatomic1:i386 (10.2.1-6) ...
Setting up libvorbis0a:i386 (1.3.7-1) ...
Setting up libuuid1:i386 (2.36.1-8+deb11u1) ...
Setting up liborc-0.4-0:i386 (1:0.4.32-1) ...
Setting up libwebp6:i386 (0.6.1-2.1) ...
Setting up libodbc1:amd64 (2.3.6-0.1+b1) ...
Setting up libsensors5:i386 (1:3.6.0-7) ...
Setting up libpcre2-8-0:i386 (10.36-2+deb11u1) ...
Setting up libk5crypto3:i386 (1.18.3-6+deb11u2) ...
Setting up libltdl7:i386 (2.4.6-15) ...
Setting up libglapi-mesa:i386 (20.3.5-1) ...
Setting up libvulkan1:i386 (1.2.162.0-1) ...
Setting up libudev1:i386 (247.3-7+deb11u1) ...
Setting up libpci3:i386 (1:3.7.0-5) ...
Setting up libnuma1:i386 (2.0.12-1+b1) ...
Setting up libdrm2:i386 (2.4.104-1) ...
Setting up libmd0:i386 (1.0.3-3) ...
Setting up libva-drm2:i386 (2.10.0-1) ...
Setting up ocl-icd-libopencl1:i386 (2.2.14-2) ...
Setting up uuid-runtime (2.36.1-8+deb11u1) ...
Adding group `uuidd' (GID 126) ...
Done.
Warning: The home dir /run/uuidd you specified can't be accessed: No such file o
r directory
Adding system user `uuidd' (UID 116) ...
Adding new user `uuidd' (UID 116) with group `uuidd' ...
Not creating home directory `/run/uuidd'.
Created symlink /etc/systemd/system/sockets.target.wants/uuidd.socket \u2192 /lib/sys
temd/system/uuidd.socket.
uuidd.service is a disabled or a static unit, not starting it.
Setting up libasyncns0:i386 (0.8-6+b2) ...
Setting up libxshmfence1:i386 (1.3-1) ...
Setting up libvpx6:i386 (1.9.0-1) ...
Setting up libwavpack1:i386 (5.4.0-1) ...
Setting up libasound2:i386 (1.2.4-1.1) ...
Setting up libv4lconvert0:i386 (1.20.0-2) ...
Setting up libtasn1-6:i386 (4.16.0-2) ...
Setting up libdav1d4:i386 (0.7.1-3) ...
Setting up libopenjp2-7:i386 (2.4.0-3) ...
Setting up libssh2-1:i386 (1.9.0-2) ...
Setting up libkrb5-3:i386 (1.18.3-6+deb11u2) ...
Setting up libtiff5:i386 (4.2.0-1+deb11u1) ...
Setting up libwayland-egl1:i386 (1.18.0-2~exp1.1) ...
Setting up libusb-1.0-0:i386 (2:1.0.24-3) ...
Setting up libgphoto2-port12:i386 (2.5.27-1) ...
Setting up libieee1284-3:i386 (0.2.11-14) ...
Setting up vkd3d-compiler (1.3~bullseye-1) ...
Setting up libbz2-1.0:i386 (1.0.8-4) ...
Setting up libsamplerate0:i386 (0.2.1+ds0-1) ...
Setting up libwebpmux3:i386 (0.6.1-2.1) ...
Setting up libbsd0:i386 (0.11.3-1) ...
Setting up libgpg-error-l10n (1.38-2) ...
Setting up libelf1:i386 (0.183-1) ...
Setting up libdb5.3:i386 (5.3.28+dfsg1-0.8) ...
Setting up libblkid1:i386 (2.36.1-8+deb11u1) ...
Setting up libstdc++6:i386 (10.2.1-6) ...
Setting up libmp3lame0:i386 (3.100-3) ...
Setting up libvorbisenc2:i386 (1.3.7-1) ...
Setting up libgdbm6:i386 (1.19-2) ...
Setting up libtinfo6:i386 (6.2+20201114-2) ...
Setting up libdrm-amdgpu1:i386 (2.4.104-1) ...
Setting up libosmesa6:amd64 (20.3.5-1) ...
Setting up libxkbcommon0:i386 (1.0.3-2) ...
Setting up libwayland-client0:i386 (1.18.0-2~exp1.1) ...
Setting up libzvbi0:i386 (0.2.35-18) ...
Setting up libwayland-server0:i386 (1.18.0-2~exp1.1) ...
Setting up libpciaccess0:i386 (0.16-1) ...
Setting up libdw1:i386 (0.183-1) ...
Setting up libxdmcp6:i386 (1:1.1.2-3) ...
Setting up libpsl5:i386 (0.21.0-1.2) ...
Setting up libdrm-nouveau2:i386 (2.4.104-1) ...
Setting up libxcb1:i386 (1.14-3) ...
Setting up libhogweed6:i386 (3.7.3-1) ...
Setting up libxcb-xfixes0:i386 (1.14-3) ...
Setting up libicu67:i386 (67.1-7) ...
Setting up libgbm1:i386 (20.3.5-1) ...
Setting up libxcb-render0:i386 (1.14-3) ...
Setting up libsoxr0:i386 (0.1.3-4) ...
Setting up libdrm-radeon1:i386 (2.4.104-1) ...
Setting up libxcb-glx0:i386 (1.14-3) ...
Setting up libedit2:i386 (3.1-20191231-2+b1) ...
Setting up libdrm-intel1:i386 (2.4.104-1) ...
Setting up libvkd3d1:amd64 (1.3~bullseye-1) ...
Setting up libvkd3d1:i386 (1.3~bullseye-1) ...
Setting up libavahi-common3:i386 (0.8-5+deb11u1) ...
Setting up libx265-192:i386 (3.4-2) ...
Setting up libnss3:i386 (2:3.61-1+deb11u2) ...
Setting up libxcb-shm0:i386 (1.14-3) ...
Setting up wine-stable-amd64 (7.0.0.0~bullseye-1) ...
Setting up libsnappy1v5:i386 (1.1.8-1) ...
Setting up libsasl2-modules-db:i386 (2.1.27+dfsg-2.1+deb11u1) ...
Setting up libxcb-present0:i386 (1.14-3) ...
Setting up libv4l-0:i386 (1.20.0-2) ...
Setting up libselinux1:i386 (3.1-3) ...
Setting up libz3-4:i386 (4.8.10-1) ...
Setting up libgnutls30:i386 (3.7.1-5+deb11u2) ...
Setting up libllvm11:i386 (1:11.0.1-2) ...
Setting up libfreetype6:i386 (2.10.4+dfsg-1+deb11u1) ...
Setting up libpcap0.8:i386 (1.10.0-2) ...
Setting up libigdgmm11:i386 (20.4.1+ds1-1) ...
Setting up libxcb-sync1:i386 (1.14-3) ...
Setting up librtmp1:i386 (2.4+20151223.gitfa8646d.1-2+b2) ...
Setting up libncurses6:i386 (6.2+20201114-2) ...
Setting up intel-media-va-driver:i386 (21.1.1+dfsg1-1) ...
Setting up libgssapi-krb5-2:i386 (1.18.3-6+deb11u2) ...
Setting up libgdbm-compat4:i386 (1.19-2) ...
Setting up libodbc1:i386 (2.3.6-0.1+b1) ...
Setting up libperl5.32:i386 (5.32.1-4+deb11u2) ...
Setting up libsasl2-2:i386 (2.1.27+dfsg-2.1+deb11u1) ...
Setting up libsndio7.0:i386 (1.5.0-3) ...
Setting up libxcb-dri2-0:i386 (1.14-3) ...
Setting up libjack-jackd2-0:i386 (1.9.17~dfsg-1) ...
Setting up libmount1:i386 (2.36.1-8+deb11u1) ...
Setting up libwayland-cursor0:i386 (1.18.0-2~exp1.1) ...
Setting up libxcb-randr0:i386 (1.14-3) ...
Setting up libx11-6:i386 (2:1.7.2-1) ...
Setting up libfontconfig1:i386 (2.13.1-4.2) ...
Setting up libsndfile1:i386 (1.0.31-2) ...
Setting up libxcomposite1:i386 (1:0.4.5-1) ...
Setting up libxml2:i386 (2.9.10+dfsg-6.7+deb11u3) ...
Setting up libavahi-client3:i386 (0.8-5+deb11u1) ...
Setting up i965-va-driver:i386 (2.4.1+dfsg1-1) ...
Setting up libosmesa6:i386 (20.3.5-1) ...
Setting up libtirpc3:i386 (1.3.1-1+deb11u1) ...
Setting up libxcb-dri3-0:i386 (1.14-3) ...
Setting up libx11-xcb1:i386 (2:1.7.2-1) ...
Setting up libxdamage1:i386 (1:1.1.5-2) ...
Setting up libxpm4:i386 (1:3.5.12-1) ...
Setting up libxrender1:i386 (1:0.9.10-1) ...
Setting up libglib2.0-0:i386 (2.66.8-1) ...
Setting up libgl1-mesa-dri:i386 (20.3.5-1) ...
Setting up libxext6:i386 (2:1.3.3-1.1) ...
Setting up libldap-2.4-2:i386 (2.4.57+dfsg-3+deb11u1) ...
Setting up libcurl3-gnutls:i386 (7.74.0-1.3+deb11u3) ...
Setting up libopenal1:i386 (1:1.19.1-2) ...
Setting up libcairo2:i386 (1.16.0-5) ...
Setting up libxxf86vm1:i386 (1:1.1.4-1+b2) ...
Setting up libxfixes3:i386 (1:5.0.3-2) ...
Setting up libxinerama1:i386 (2:1.1.4-2) ...
Setting up libgd3:i386 (2.3.0-2) ...
Setting up libxrandr2:i386 (2:1.5.1-1) ...
Setting up libcups2:i386 (2.3.3op2-3+deb11u2) ...
Setting up libpoppler102:i386 (20.09.0-3.1+deb11u1) ...
Setting up libvdpau1:i386 (1.4-3) ...
Setting up libtheora0:i386 (1.1.1+dfsg.1-15) ...
Setting up libnsl2:i386 (1.3.0-2) ...
Setting up libcurl4:i386 (7.74.0-1.3+deb11u3) ...
Setting up libxss1:i386 (1:1.2.3-1) ...
Setting up mesa-va-drivers:i386 (20.3.5-1) ...
Setting up libva-x11-2:i386 (2.10.0-1) ...
Setting up mesa-vulkan-drivers:i386 (20.3.5-1) ...
Setting up mesa-vdpau-drivers:i386 (20.3.5-1) ...
Setting up libglx-mesa0:i386 (20.3.5-1) ...
Setting up libxi6:i386 (2:1.7.10-1) ...
Setting up libglx0:i386 (1.3.2-1) ...
Setting up libxcursor1:i386 (1:1.2.0-2) ...
Setting up libnss-nisplus:i386 (1.3-4) ...
Setting up libavutil56:i386 (7:4.3.5-0+deb11u1) ...
Setting up libgphoto2-6:i386 (2.5.27-1) ...
Setting up libgl1:i386 (1.3.2-1) ...
Setting up libwrap0:i386 (7.6.q-31) ...
Setting up libnss-nis:i386 (3.1-4) ...
Setting up va-driver-all:i386 (2.10.0-1) ...
Setting up libglu1-mesa:i386 (9.0.1-1) ...
Setting up libvdpau-va-gl1:i386 (0.4.2-1+b1) ...
Setting up libpulse0:i386 (14.2-2) ...
Setting up libswresample3:i386 (7:4.3.5-0+deb11u1) ...
Setting up libavresample4:i386 (7:4.3.5-0+deb11u1) ...
Setting up libsnmp40:i386 (5.9+dfsg-4+deb11u1) ...
Setting up vdpau-driver-all:i386 (1.4-3) ...
Setting up libsdl2-2.0-0:i386 (2.0.14+dfsg2-3+deb11u1) ...
Processing triggers for libglib2.0-0:amd64 (2.66.8-1) ...
Processing triggers for libc-bin (2.31-13+deb11u5) ...
Processing triggers for man-db (2.9.4-2) ...
Processing triggers for udev (247.3-7+deb11u1) ...
Setting up libharfbuzz0b:i386 (2.7.4-1) ...
Setting up libgdk-pixbuf-2.0-0:i386 (2.42.2+dfsg-1+deb11u1) ...
Setting up libcairo-gobject2:i386 (1.16.0-5) ...
Processing triggers for mailcap (3.69) ...
Setting up libgstreamer1.0-0:i386 (1.18.4-2.1) ...
Setcap worked! gst-ptp-helper is not suid!
Setting up libpoppler-glib8:i386 (20.09.0-3.1+deb11u1) ...
Processing triggers for desktop-file-utils (0.26-1) ...
Processing triggers for gnome-menus (3.36.0-1) ...
Setting up libpango-1.0-0:i386 (1.46.2-3) ...
Setting up libgstreamer-plugins-base1.0-0:i386 (1.18.4-2) ...
Setting up libsane1:i386 (1.0.31-4.1) ...
Setting up gstreamer1.0-plugins-base:i386 (1.18.4-2) ...
Setting up libpangoft2-1.0-0:i386 (1.46.2-3) ...
Setting up libpangocairo-1.0-0:i386 (1.46.2-3) ...
Setting up librsvg2-2:i386 (2.50.3+dfsg-1) ...
Setting up librsvg2-common:i386 (2.50.3+dfsg-1) ...
Setting up libavcodec58:i386 (7:4.3.5-0+deb11u1) ...
Setting up libasound2-plugins:i386 (1.2.2-2) ...
Setting up wine-stable-i386:i386 (7.0.0.0~bullseye-1) ...
Setting up wine-stable (7.0.0.0~bullseye-1) ...
Setting up winehq-stable (7.0.0.0~bullseye-1) ...
Processing triggers for libc-bin (2.31-13+deb11u5) ...
Processing triggers for libgdk-pixbuf-2.0-0:i386 (2.42.2+dfsg-1+deb11u1) ...


<-- Installing Winetricks -->
Selecting previously unselected package binutils-common:amd64.
(Reading database ... 147931 files and directories currently installed.)
Preparing to unpack .../0-binutils-common_2.35.2-2_amd64.deb ...
Unpacking binutils-common:amd64 (2.35.2-2) ...
Selecting previously unselected package libbinutils:amd64.
Preparing to unpack .../1-libbinutils_2.35.2-2_amd64.deb ...
Unpacking libbinutils:amd64 (2.35.2-2) ...
Selecting previously unselected package libctf-nobfd0:amd64.
Preparing to unpack .../2-libctf-nobfd0_2.35.2-2_amd64.deb ...
Unpacking libctf-nobfd0:amd64 (2.35.2-2) ...
Selecting previously unselected package libctf0:amd64.
Preparing to unpack .../3-libctf0_2.35.2-2_amd64.deb ...
Unpacking libctf0:amd64 (2.35.2-2) ...
Selecting previously unselected package binutils-x86-64-linux-gnu.
Preparing to unpack .../4-binutils-x86-64-linux-gnu_2.35.2-2_amd64.deb ...
Unpacking binutils-x86-64-linux-gnu (2.35.2-2) ...
Selecting previously unselected package binutils.
Preparing to unpack .../5-binutils_2.35.2-2_amd64.deb ...
Unpacking binutils (2.35.2-2) ...
Selecting previously unselected package libmspack0:amd64.
Preparing to unpack .../6-libmspack0_0.10.1-2_amd64.deb ...
Unpacking libmspack0:amd64 (0.10.1-2) ...
Selecting previously unselected package cabextract.
Preparing to unpack .../7-cabextract_1.9-3_amd64.deb ...
Unpacking cabextract (1.9-3) ...
Selecting previously unselected package fuseiso.
Preparing to unpack .../8-fuseiso_20070708-3.2+b1_amd64.deb ...
Unpacking fuseiso (20070708-3.2+b1) ...
Selecting previously unselected package winetricks.
Preparing to unpack .../9-winetricks_0.0+20210206-2_all.deb ...
Unpacking winetricks (0.0+20210206-2) ...
Setting up libmspack0:amd64 (0.10.1-2) ...
Setting up binutils-common:amd64 (2.35.2-2) ...
Setting up libctf-nobfd0:amd64 (2.35.2-2) ...
Setting up fuseiso (20070708-3.2+b1) ...
Setting up libbinutils:amd64 (2.35.2-2) ...
Setting up libctf0:amd64 (2.35.2-2) ...
Setting up cabextract (1.9-3) ...
Setting up binutils-x86-64-linux-gnu (2.35.2-2) ...
Setting up binutils (2.35.2-2) ...
Setting up winetricks (0.0+20210206-2) ...
Processing triggers for desktop-file-utils (0.26-1) ...
Processing triggers for hicolor-icon-theme (0.17-2) ...
Processing triggers for gnome-menus (3.36.0-1) ...
Processing triggers for libc-bin (2.31-13+deb11u5) ...
Processing triggers for man-db (2.9.4-2) ...
Processing triggers for mailcap (3.69) ...
------------------------------------------------------
warning: This will install Winetricks directly from its original developers.  Debian has no control over that version.
------------------------------------------------------
To continue press Y, to abort N, then Enter: y
Executing cd /tmp/winetricks.Nw6qmZ9S
Downloading https://raw.githubusercontent.com/Winetricks/winetricks/master/src/winetricks to /tmp/winetricks.Nw6qmZ9S
--2022-11-08 12:46:38--  https://raw.githubusercontent.com/Winetricks/winetricks/master/src/winetricks
Resolving raw.githubusercontent.com (raw.githubusercontent.com)... 185.199.111.133, 185.199.108.133, 185.199.109.133, ...
Connecting to raw.githubusercontent.com (raw.githubusercontent.com)|185.199.111.133|:443... connected.
HTTP request sent, awaiting response... 200 OK
Length: 911817 (890K) [text/plain]
Saving to: \u2018winetricks\u2019

winetricks          100%[===================>] 890.45K  --.-KB/s    in 0.1s    

2022-11-08 12:46:38 (7.33 MB/s) - \u2018winetricks\u2019 saved [911817/911817]

Executing cd /home/tommy
Executing mv /tmp/winetricks.Nw6qmZ9S/winetricks /usr/bin/winetricks.update
Executing rmdir /tmp/winetricks.Nw6qmZ9S
Executing cp /usr/bin/winetricks /usr/bin/winetricks.bak
Executing chmod -x /usr/bin/winetricks.bak
Executing mv /usr/bin/winetricks.update /usr/bin/winetricks
Executing chmod +x /usr/bin/winetricks
------------------------------------------------------
warning: Update finished! The current version is 20220411-next - sha256sum: 469df471a216ee9a0e04610932bc41b16c0ecb788103bfe61e44e07e86f36fcf. Use 'winetricks --update-rollback' to return to the previous version.
------------------------------------------------------
------------------------------------------------------
warning: Winetricks is no more controlled by Debian but by the Winetricks project now.
------------------------------------------------------
------------------------------------------------------
warning: The next update of the winetricks package may or may not revert this change.
------------------------------------------------------


<-- Installing Lutris -->
Selecting previously unselected package lutris.
(Reading database ... 148369 files and directories currently installed.)
Preparing to unpack ./lutris_0.5.11_all.deb ...
Unpacking lutris (0.5.11) ...
dpkg: dependency problems prevent configuration of lutris:
 lutris depends on python3-yaml; however:
  Package python3-yaml is not installed.
 lutris depends on python3-lxml; however:
  Package python3-lxml is not installed.
 lutris depends on python3-pil; however:
  Package python3-pil is not installed.
 lutris depends on python3-setproctitle; however:
  Package python3-setproctitle is not installed.
 lutris depends on python3-magic; however:
  Package python3-magic is not installed.
 lutris depends on fluid-soundfont-gs; however:
  Package fluid-soundfont-gs is not installed.
 lutris depends on mesa-utils; however:
  Package mesa-utils is not installed.

dpkg: error processing package lutris (--install):
 dependency problems - leaving unconfigured
Processing triggers for gnome-menus (3.36.0-1) ...
Processing triggers for desktop-file-utils (0.26-1) ...
Processing triggers for mailcap (3.69) ...
Processing triggers for hicolor-icon-theme (0.17-2) ...
Processing triggers for man-db (2.9.4-2) ...
Errors were encountered while processing:
 lutris
Reading package lists... Done
Building dependency tree... Done
Reading state information... Done
Correcting dependencies... Done
The following additional packages will be installed:
  fluid-soundfont-gm fluid-soundfont-gs libglew2.1 libimagequant0 mesa-utils
  python3-bs4 python3-html5lib python3-lxml python3-magic python3-olefile
  python3-pil python3-setproctitle python3-soupsieve python3-webencodings
  python3-yaml
Suggested packages:
  fluidsynth timidity glew-utils python3-genshi python3-lxml-dbg
  python-lxml-doc python-pil-doc python3-pil-dbg
The following NEW packages will be installed:
  fluid-soundfont-gm fluid-soundfont-gs libglew2.1 libimagequant0 mesa-utils
  python3-bs4 python3-html5lib python3-lxml python3-magic python3-olefile
  python3-pil python3-setproctitle python3-soupsieve python3-webencodings
  python3-yaml
0 upgraded, 15 newly installed, 0 to remove and 0 not upgraded.
1 not fully installed or removed.
Need to get 124 MB of archives.
After this operation, 161 MB of additional disk space will be used.
Do you want to continue? [Y/n] y
Get:1 http://deb.debian.org/debian bullseye/main amd64 python3-yaml amd64 5.3.1-5 [138 kB]
Get:2 http://deb.debian.org/debian bullseye/main amd64 python3-lxml amd64 4.6.3+dfsg-0.1+deb11u1 [1,093 kB]
Get:3 http://deb.debian.org/debian bullseye/main amd64 libimagequant0 amd64 2.12.2-1.1 [32.5 kB]
Get:4 http://deb.debian.org/debian bullseye/main amd64 python3-pil amd64 8.1.2+dfsg-0.3+deb11u1 [445 kB]
Get:5 http://deb.debian.org/debian bullseye/main amd64 python3-setproctitle amd64 1.2.1-1+b1 [16.8 kB]
Get:6 http://deb.debian.org/debian bullseye/main amd64 python3-magic all 2:0.4.20-3 [13.4 kB]
Get:7 http://deb.debian.org/debian bullseye/main amd64 fluid-soundfont-gs all 3.1-5.2 [2,475 kB]
Get:8 http://deb.debian.org/debian bullseye/main amd64 libglew2.1 amd64 2.1.0-4+b1 [160 kB]
Get:9 http://deb.debian.org/debian bullseye/main amd64 mesa-utils amd64 8.4.0-1+b1 [34.9 kB]
Get:10 http://deb.debian.org/debian bullseye/main amd64 fluid-soundfont-gm all 3.1-5.2 [120 MB]
Get:11 http://deb.debian.org/debian bullseye/main amd64 python3-soupsieve all 2.2.1-1 [34.7 kB]
Get:12 http://deb.debian.org/debian bullseye/main amd64 python3-bs4 all 4.9.3-1 [112 kB]
Get:13 http://deb.debian.org/debian bullseye/main amd64 python3-webencodings all 0.5.1-2 [11.0 kB]
Get:14 http://deb.debian.org/debian bullseye/main amd64 python3-html5lib all 1.1-3 [93.0 kB]
Get:15 http://deb.debian.org/debian bullseye/main amd64 python3-olefile all 0.46-3 [36.1 kB]
Fetched 124 MB in 10s (12.2 MB/s)                                              
Selecting previously unselected package python3-yaml.
(Reading database ... 148690 files and directories currently installed.)
Preparing to unpack .../00-python3-yaml_5.3.1-5_amd64.deb ...
Unpacking python3-yaml (5.3.1-5) ...
Selecting previously unselected package python3-lxml:amd64.
Preparing to unpack .../01-python3-lxml_4.6.3+dfsg-0.1+deb11u1_amd64.deb ...
Unpacking python3-lxml:amd64 (4.6.3+dfsg-0.1+deb11u1) ...
Selecting previously unselected package libimagequant0:amd64.
Preparing to unpack .../02-libimagequant0_2.12.2-1.1_amd64.deb ...
Unpacking libimagequant0:amd64 (2.12.2-1.1) ...
Selecting previously unselected package python3-pil:amd64.
Preparing to unpack .../03-python3-pil_8.1.2+dfsg-0.3+deb11u1_amd64.deb ...
Unpacking python3-pil:amd64 (8.1.2+dfsg-0.3+deb11u1) ...
Selecting previously unselected package python3-setproctitle:amd64.
Preparing to unpack .../04-python3-setproctitle_1.2.1-1+b1_amd64.deb ...
Unpacking python3-setproctitle:amd64 (1.2.1-1+b1) ...
Selecting previously unselected package python3-magic.
Preparing to unpack .../05-python3-magic_2%3a0.4.20-3_all.deb ...
Unpacking python3-magic (2:0.4.20-3) ...
Selecting previously unselected package fluid-soundfont-gs.
Preparing to unpack .../06-fluid-soundfont-gs_3.1-5.2_all.deb ...
Unpacking fluid-soundfont-gs (3.1-5.2) ...
Selecting previously unselected package libglew2.1:amd64.
Preparing to unpack .../07-libglew2.1_2.1.0-4+b1_amd64.deb ...
Unpacking libglew2.1:amd64 (2.1.0-4+b1) ...
Selecting previously unselected package mesa-utils.
Preparing to unpack .../08-mesa-utils_8.4.0-1+b1_amd64.deb ...
Unpacking mesa-utils (8.4.0-1+b1) ...
Selecting previously unselected package fluid-soundfont-gm.
Preparing to unpack .../09-fluid-soundfont-gm_3.1-5.2_all.deb ...
Unpacking fluid-soundfont-gm (3.1-5.2) ...
Selecting previously unselected package python3-soupsieve.
Preparing to unpack .../10-python3-soupsieve_2.2.1-1_all.deb ...
Unpacking python3-soupsieve (2.2.1-1) ...
Selecting previously unselected package python3-bs4.
Preparing to unpack .../11-python3-bs4_4.9.3-1_all.deb ...
Unpacking python3-bs4 (4.9.3-1) ...
Selecting previously unselected package python3-webencodings.
Preparing to unpack .../12-python3-webencodings_0.5.1-2_all.deb ...
Unpacking python3-webencodings (0.5.1-2) ...
Selecting previously unselected package python3-html5lib.
Preparing to unpack .../13-python3-html5lib_1.1-3_all.deb ...
Unpacking python3-html5lib (1.1-3) ...
Selecting previously unselected package python3-olefile.
Preparing to unpack .../14-python3-olefile_0.46-3_all.deb ...
Unpacking python3-olefile (0.46-3) ...
Setting up python3-olefile (0.46-3) ...
Setting up python3-yaml (5.3.1-5) ...
Setting up python3-webencodings (0.5.1-2) ...
Setting up libimagequant0:amd64 (2.12.2-1.1) ...
Setting up python3-setproctitle:amd64 (1.2.1-1+b1) ...
Setting up python3-html5lib (1.1-3) ...
Setting up libglew2.1:amd64 (2.1.0-4+b1) ...
Setting up fluid-soundfont-gs (3.1-5.2) ...
Setting up python3-lxml:amd64 (4.6.3+dfsg-0.1+deb11u1) ...
Setting up fluid-soundfont-gm (3.1-5.2) ...
Setting up python3-magic (2:0.4.20-3) ...
Setting up python3-soupsieve (2.2.1-1) ...
Setting up python3-bs4 (4.9.3-1) ...
Setting up python3-pil:amd64 (8.1.2+dfsg-0.3+deb11u1) ...
Setting up mesa-utils (8.4.0-1+b1) ...
Setting up lutris (0.5.11) ...
Processing triggers for man-db (2.9.4-2) ...
Processing triggers for libc-bin (2.31-13+deb11u5) ...


<-- Installing Gamemode -->
Extracting templates from packages: 100%
Selecting previously unselected package libc-dev-bin.
(Reading database ... 149102 files and directories currently installed.)
Preparing to unpack .../00-libc-dev-bin_2.31-13+deb11u5_amd64.deb ...
Unpacking libc-dev-bin (2.31-13+deb11u5) ...
Selecting previously unselected package linux-libc-dev:amd64.
Preparing to unpack .../01-linux-libc-dev_5.10.149-2_amd64.deb ...
Unpacking linux-libc-dev:amd64 (5.10.149-2) ...
Selecting previously unselected package libcrypt-dev:amd64.
Preparing to unpack .../02-libcrypt-dev_1%3a4.4.18-4_amd64.deb ...
Unpacking libcrypt-dev:amd64 (1:4.4.18-4) ...
Selecting previously unselected package libtirpc-dev:amd64.
Preparing to unpack .../03-libtirpc-dev_1.3.1-1+deb11u1_amd64.deb ...
Unpacking libtirpc-dev:amd64 (1.3.1-1+deb11u1) ...
Selecting previously unselected package libnsl-dev:amd64.
Preparing to unpack .../04-libnsl-dev_1.3.0-2_amd64.deb ...
Unpacking libnsl-dev:amd64 (1.3.0-2) ...
Selecting previously unselected package libc6-dev:amd64.
Preparing to unpack .../05-libc6-dev_2.31-13+deb11u5_amd64.deb ...
Unpacking libc6-dev:amd64 (2.31-13+deb11u5) ...
Selecting previously unselected package libcc1-0:amd64.
Preparing to unpack .../06-libcc1-0_10.2.1-6_amd64.deb ...
Unpacking libcc1-0:amd64 (10.2.1-6) ...
Selecting previously unselected package libitm1:amd64.
Preparing to unpack .../07-libitm1_10.2.1-6_amd64.deb ...
Unpacking libitm1:amd64 (10.2.1-6) ...
Selecting previously unselected package libasan6:amd64.
Preparing to unpack .../08-libasan6_10.2.1-6_amd64.deb ...
Unpacking libasan6:amd64 (10.2.1-6) ...
Selecting previously unselected package liblsan0:amd64.
Preparing to unpack .../09-liblsan0_10.2.1-6_amd64.deb ...
Unpacking liblsan0:amd64 (10.2.1-6) ...
Selecting previously unselected package libtsan0:amd64.
Preparing to unpack .../10-libtsan0_10.2.1-6_amd64.deb ...
Unpacking libtsan0:amd64 (10.2.1-6) ...
Selecting previously unselected package libubsan1:amd64.
Preparing to unpack .../11-libubsan1_10.2.1-6_amd64.deb ...
Unpacking libubsan1:amd64 (10.2.1-6) ...
Selecting previously unselected package libgcc-10-dev:amd64.
Preparing to unpack .../12-libgcc-10-dev_10.2.1-6_amd64.deb ...
Unpacking libgcc-10-dev:amd64 (10.2.1-6) ...
Selecting previously unselected package gcc-10.
Preparing to unpack .../13-gcc-10_10.2.1-6_amd64.deb ...
Unpacking gcc-10 (10.2.1-6) ...
Selecting previously unselected package gcc.
Preparing to unpack .../14-gcc_4%3a10.2.1-1_amd64.deb ...
Unpacking gcc (4:10.2.1-1) ...
Selecting previously unselected package libstdc++-10-dev:amd64.
Preparing to unpack .../15-libstdc++-10-dev_10.2.1-6_amd64.deb ...
Unpacking libstdc++-10-dev:amd64 (10.2.1-6) ...
Selecting previously unselected package g++-10.
Preparing to unpack .../16-g++-10_10.2.1-6_amd64.deb ...
Unpacking g++-10 (10.2.1-6) ...
Selecting previously unselected package g++.
Preparing to unpack .../17-g++_4%3a10.2.1-1_amd64.deb ...
Unpacking g++ (4:10.2.1-1) ...
Selecting previously unselected package make.
Preparing to unpack .../18-make_4.3-4.1_amd64.deb ...
Unpacking make (4.3-4.1) ...
Selecting previously unselected package dpkg-dev.
Preparing to unpack .../19-dpkg-dev_1.20.12_all.deb ...
Unpacking dpkg-dev (1.20.12) ...
Selecting previously unselected package build-essential.
Preparing to unpack .../20-build-essential_12.9_amd64.deb ...
Unpacking build-essential (12.9) ...
Selecting previously unselected package libfakeroot:amd64.
Preparing to unpack .../21-libfakeroot_1.25.3-1.1_amd64.deb ...
Unpacking libfakeroot:amd64 (1.25.3-1.1) ...
Selecting previously unselected package fakeroot.
Preparing to unpack .../22-fakeroot_1.25.3-1.1_amd64.deb ...
Unpacking fakeroot (1.25.3-1.1) ...
Selecting previously unselected package libalgorithm-diff-perl.
Preparing to unpack .../23-libalgorithm-diff-perl_1.201-1_all.deb ...
Unpacking libalgorithm-diff-perl (1.201-1) ...
Selecting previously unselected package libalgorithm-diff-xs-perl.
Preparing to unpack .../24-libalgorithm-diff-xs-perl_0.04-6+b1_amd64.deb ...
Unpacking libalgorithm-diff-xs-perl (0.04-6+b1) ...
Selecting previously unselected package libalgorithm-merge-perl.
Preparing to unpack .../25-libalgorithm-merge-perl_0.08-3_all.deb ...
Unpacking libalgorithm-merge-perl (0.08-3) ...
Selecting previously unselected package libc-devtools.
Preparing to unpack .../26-libc-devtools_2.31-13+deb11u5_amd64.deb ...
Unpacking libc-devtools (2.31-13+deb11u5) ...
Selecting previously unselected package libdbus-1-dev:amd64.
Preparing to unpack .../27-libdbus-1-dev_1.12.24-0+deb11u1_amd64.deb ...
Unpacking libdbus-1-dev:amd64 (1.12.24-0+deb11u1) ...
Selecting previously unselected package libinih1:amd64.
Preparing to unpack .../28-libinih1_53-1+b2_amd64.deb ...
Unpacking libinih1:amd64 (53-1+b2) ...
Selecting previously unselected package libinireader0:amd64.
Preparing to unpack .../29-libinireader0_53-1+b2_amd64.deb ...
Unpacking libinireader0:amd64 (53-1+b2) ...
Selecting previously unselected package libinih-dev:amd64.
Preparing to unpack .../30-libinih-dev_53-1+b2_amd64.deb ...
Unpacking libinih-dev:amd64 (53-1+b2) ...
Selecting previously unselected package libsystemd-dev:amd64.
Preparing to unpack .../31-libsystemd-dev_247.3-7+deb11u1_amd64.deb ...
Unpacking libsystemd-dev:amd64 (247.3-7+deb11u1) ...
Selecting previously unselected package manpages-dev.
Preparing to unpack .../32-manpages-dev_5.10-1_all.deb ...
Unpacking manpages-dev (5.10-1) ...
Selecting previously unselected package ninja-build.
Preparing to unpack .../33-ninja-build_1.10.1-1_amd64.deb ...
Unpacking ninja-build (1.10.1-1) ...
Selecting previously unselected package meson.
Preparing to unpack .../34-meson_0.56.2-1_all.deb ...
Unpacking meson (0.56.2-1) ...
Setting up manpages-dev (5.10-1) ...
Setting up libalgorithm-diff-perl (1.201-1) ...
Setting up libinih1:amd64 (53-1+b2) ...
Setting up linux-libc-dev:amd64 (5.10.149-2) ...
Setting up libfakeroot:amd64 (1.25.3-1.1) ...
Setting up ninja-build (1.10.1-1) ...
Setting up libasan6:amd64 (10.2.1-6) ...
Setting up fakeroot (1.25.3-1.1) ...
update-alternatives: using /usr/bin/fakeroot-sysv to provide /usr/bin/fakeroot (
fakeroot) in auto mode
Setting up libtirpc-dev:amd64 (1.3.1-1+deb11u1) ...
Setting up libdbus-1-dev:amd64 (1.12.24-0+deb11u1) ...
Setting up make (4.3-4.1) ...
Setting up libubsan1:amd64 (10.2.1-6) ...
Setting up libnsl-dev:amd64 (1.3.0-2) ...
Setting up libcrypt-dev:amd64 (1:4.4.18-4) ...
Setting up libc-dev-bin (2.31-13+deb11u5) ...
Setting up libalgorithm-diff-xs-perl (0.04-6+b1) ...
Setting up libcc1-0:amd64 (10.2.1-6) ...
Setting up libsystemd-dev:amd64 (247.3-7+deb11u1) ...
Setting up liblsan0:amd64 (10.2.1-6) ...
Setting up libitm1:amd64 (10.2.1-6) ...
Setting up libc-devtools (2.31-13+deb11u5) ...
Setting up libalgorithm-merge-perl (0.08-3) ...
Setting up libtsan0:amd64 (10.2.1-6) ...
Setting up libinireader0:amd64 (53-1+b2) ...
Setting up libgcc-10-dev:amd64 (10.2.1-6) ...
Setting up meson (0.56.2-1) ...
Setting up dpkg-dev (1.20.12) ...
Setting up libinih-dev:amd64 (53-1+b2) ...
Setting up gcc-10 (10.2.1-6) ...
Setting up libc6-dev:amd64 (2.31-13+deb11u5) ...
Setting up libstdc++-10-dev:amd64 (10.2.1-6) ...
Setting up g++-10 (10.2.1-6) ...
Setting up gcc (4:10.2.1-1) ...
Setting up g++ (4:10.2.1-1) ...
update-alternatives: using /usr/bin/g++ to provide /usr/bin/c++ (c++) in auto mo
de
Setting up build-essential (12.9) ...
Processing triggers for libc-bin (2.31-13+deb11u5) ...
Processing triggers for man-db (2.9.4-2) ...
Processing triggers for sgml-base (1.30) ...
Cloning into 'gamemode'...
remote: Enumerating objects: 2996, done.
remote: Counting objects: 100% (280/280), done.
remote: Compressing objects: 100% (135/135), done.
remote: Total 2996 (delta 152), reused 230 (delta 132), pack-reused 2716
Receiving objects: 100% (2996/2996), 678.72 KiB | 4.02 MiB/s, done.
Resolving deltas: 100% (2109/2109), done.
Note: switching to '1.7'.

You are in 'detached HEAD' state. You can look around, make experimental
changes and commit them, and you can discard any commits you make in this
state without impacting any branches by switching back to a branch.

If you want to create a new branch to retain commits you create, you may
do so (now or later) by using -c with the switch command. Example:

  git switch -c <new-branch-name>

Or undo this operation with:

  git switch -

Turn off this advice by setting config variable advice.detachedHead to false

HEAD is now at 4dc99df Specify correct inih directory after update to r54
WARNING: CPUFreq scaling governor device file was not found at "/sys/devices/system/cpu/cpu0/cpufreq/scaling_governor".
This probably means that you have disabled processor scheduling features in your BIOS. See README.md (or GitHub issue #44) for more information.
This means GameMode's CPU governor control feature will not work (other features will still work).
Would you like to continue anyway [y/N]? y
+ meson builddir --prefix=/usr --buildtype debugoptimized -Dwith-systemd-user-unit-dir=/etc/systemd/user
The Meson build system
Version: 0.56.2
Source dir: /home/tommy/gamemode
Build dir: /home/tommy/gamemode/builddir
Build type: native build
Project name: gamemode
Project version: 1.7
C compiler for the host machine: cc (gcc 10.2.1 "cc (Debian 10.2.1-6) 10.2.1 20210110")
C linker for the host machine: cc ld.bfd 2.35.2
Host machine cpu family: x86_64
Host machine cpu: x86_64
Compiler for C supports arguments -Waggregate-return: YES 
Compiler for C supports arguments -Wunused: YES 
Compiler for C supports arguments -Warray-bounds: YES 
Compiler for C supports arguments -Wcast-align: YES 
Compiler for C supports arguments -Wclobbered: YES 
Compiler for C supports arguments -Wempty-body: YES 
Compiler for C supports arguments -Wformat=2: YES 
Compiler for C supports arguments -Wformat-nonliteral: YES 
Compiler for C supports arguments -Wformat-signedness: YES 
Compiler for C supports arguments -Wignored-qualifiers: YES 
Compiler for C supports arguments -Wimplicit-function-declaration: YES 
Compiler for C supports arguments -Winit-self: YES 
Compiler for C supports arguments -Wmissing-format-attribute: YES 
Compiler for C supports arguments -Wmissing-include-dirs: YES 
Compiler for C supports arguments -Wmissing-noreturn: YES 
Compiler for C supports arguments -Wmissing-parameter-type: YES 
Compiler for C supports arguments -Wnested-externs: YES 
Compiler for C supports arguments -Wno-discarded-qualifiers: YES 
Compiler for C supports arguments -Wno-missing-field-initializers: YES 
Compiler for C supports arguments -Wno-suggest-attribute=format: YES 
Compiler for C supports arguments -Wno-unused-parameter: YES 
Compiler for C supports arguments -Wold-style-definition: YES 
Compiler for C supports arguments -Woverride-init: YES 
Compiler for C supports arguments -Wpointer-arith: YES 
Compiler for C supports arguments -Wredundant-decls: YES 
Compiler for C supports arguments -Wreturn-type: YES 
Compiler for C supports arguments -Wshadow: YES 
Compiler for C supports arguments -Wsign-compare: YES 
Compiler for C supports arguments -Wstrict-aliasing=3: YES 
Compiler for C supports arguments -Wstrict-prototypes: YES 
Compiler for C supports arguments -Wstringop-overflow: YES 
Compiler for C supports arguments -Wstringop-truncation: YES 
Compiler for C supports arguments -Wtype-limits: YES 
Compiler for C supports arguments -Wundef: YES 
Compiler for C supports arguments -Wuninitialized: YES 
Compiler for C supports arguments -Wunused-but-set-variable: YES 
Compiler for C supports arguments -Wwrite-strings: YES 
Found pkg-config: /usr/bin/pkg-config (0.29.2)
Run-time dependency libsystemd found: YES 247
Run-time dependency dbus-1 found: YES 1.12.24
Run-time dependency threads found: YES
Library dl found: YES
Run-time dependency systemd found: YES 247
Checking for function "pidfd_open" : NO 
Configuring build-config.h using configuration
Run-time dependency inih found: YES undefined
Configuring gamemoded.service using configuration
Configuring com.feralinteractive.GameMode.service using configuration
Configuring com.feralinteractive.GameMode.policy using configuration
Configuring gamemoded.8 using configuration
Configuring gamemoderun.1 using configuration
Configuring gamemodelist.1 using configuration
Configuring gamemode-simulate-game.1 using configuration
Program appstreamcli found: YES (/usr/bin/appstreamcli)
Message: 


    Build configuration:
    ====================

    prefix:                                 /usr
    bindir:                                 /usr/bin
    datadir:                                /usr/share
    libdir:                                 /usr/lib/x86_64-linux-gnu
    libexecdir:                             /usr/libexec
    includedir:                             /usr/include
    systemd user unit directory:            /etc/systemd/user
    D-BUS service directory:                /usr/share/dbus-1/services
    PolKit Action Directory:                /usr/share/polkit-1/actions

    Options:
    ========

    sd-bus provier:                         systemd
    examples:                               true
    util:                                   true


Build targets in project: 9

Found ninja-1.10.1 at /usr/bin/ninja
+ ninja -C builddir
ninja: Entering directory `builddir'
[32/32] Linking target daemon/gamemoded
+ set +x
Install to /usr? [y/N] y
+ sudo ninja install -C builddir
ninja: Entering directory `builddir'
[0/1] Installing files.
Installing lib/libgamemode.so.0.0.0 to /usr/lib/x86_64-linux-gnu
Installing lib/libgamemodeauto.so.0.0.0 to /usr/lib/x86_64-linux-gnu
Installing lib/libgamemodeauto.a to /usr/lib/x86_64-linux-gnu
Installing util/cpugovctl to /usr/libexec
Installing util/gpuclockctl to /usr/libexec
Installing daemon/gamemoded to /usr/bin
Installing example/gamemode-simulate-game to /usr/bin
Installing /home/tommy/gamemode/lib/gamemode_client.h to /usr/include
Installing /home/tommy/gamemode/builddir/data/gamemoded.8 to /usr/share/man/man8
Installing /home/tommy/gamemode/builddir/data/gamemoderun.1 to /usr/share/man/man1
Installing /home/tommy/gamemode/builddir/data/gamemodelist.1 to /usr/share/man/man1
Installing /home/tommy/gamemode/builddir/data/gamemode-simulate-game.1 to /usr/share/man/man1
Installing /home/tommy/gamemode/builddir/meson-private/gamemode.pc to /usr/lib/x86_64-linux-gnu/pkgconfig
Installing /home/tommy/gamemode/builddir/meson-private/libgamemodeauto.pc to /usr/lib/x86_64-linux-gnu/pkgconfig
Installing /home/tommy/gamemode/builddir/data/gamemoded.service to /etc/systemd/user
Installing /home/tommy/gamemode/data/gamemode.conf to /usr/lib/sysusers.d
Installing /home/tommy/gamemode/builddir/data/com.feralinteractive.GameMode.service to /usr/share/dbus-1/services
Installing /home/tommy/gamemode/builddir/data/com.feralinteractive.GameMode.policy to /usr/share/polkit-1/actions
Installing /home/tommy/gamemode/data/gamemoderun to /usr/bin
Installing /home/tommy/gamemode/data/gamemodelist to /usr/bin
Installing /home/tommy/gamemode/data/io.github.feralinteractive.gamemode.metainfo.xml to /usr/share/metainfo
Installing /home/tommy/gamemode/example/gamemode.ini to /usr/share/gamemode
+ '[' '' '!=' true ']'
+ systemctl list-unit-files
+ grep -q polkit.service
+ sudo systemctl try-restart polkit
+ systemctl --user daemon-reload